  2024-10-11 22:25:04 App\Jobs\SendNotificationJob ................... RUNNING
  2024-10-11 22:26:48 App\Jobs\SendNotificationJob ............... 1m 44s DONE
  2024-10-11 22:26:48 App\Jobs\SendNotificationJob ................... RUNNING
  2024-10-11 22:27:01 App\Jobs\SendNotificationJob .................. 13s DONE
  2024-10-12 09:35:11 App\Jobs\PushNotification ...................... RUNNING
  2024-10-12 09:35:11 App\Jobs\PushNotification ................ 321.14ms DONE
  2024-10-12 10:08:40 App\Jobs\PushNotification ...................... RUNNING
  2024-10-12 10:08:40 App\Jobs\PushNotification .................. 6.87ms DONE
  2024-10-12 10:33:56 App\Jobs\PushNotification ...................... RUNNING
  2024-10-12 10:33:56 App\Jobs\PushNotification ................ 283.61ms DONE
  2024-10-12 12:38:26 App\Jobs\PushNotification ...................... RUNNING
  2024-10-12 12:38:26 App\Jobs\PushNotification ................ 287.79ms DONE
  2024-10-12 17:09:16 App\Jobs\PushNotification ...................... RUNNING
  2024-10-12 17:09:17 App\Jobs\PushNotification ................ 284.51ms DONE
  2024-10-12 20:47:38 App\Jobs\PushNotification ...................... RUNNING
  2024-10-12 20:47:38 App\Jobs\PushNotification ................ 303.20ms DONE
  2024-10-12 21:59:07 App\Jobs\PushNotification ...................... RUNNING
  2024-10-12 21:59:08 App\Jobs\PushNotification ................ 296.75ms DONE
  2024-10-12 22:05:41 App\Jobs\PushNotification ...................... RUNNING
  2024-10-12 22:05:41 App\Jobs\PushNotification ................ 280.82ms DONE
  2024-10-12 22:37:25 App\Jobs\PushNotification ...................... RUNNING
  2024-10-12 22:37:25 App\Jobs\PushNotification ................ 281.17ms DONE
  2024-10-12 22:40:11 App\Jobs\PushNotification ...................... RUNNING
  2024-10-12 22:40:11 App\Jobs\PushNotification ................ 306.75ms DONE
  2024-10-13 02:20:11 App\Jobs\PushNotification ...................... RUNNING
  2024-10-13 02:20:11 App\Jobs\PushNotification ................ 515.82ms DONE
  2024-10-13 02:50:03 App\Jobs\PushNotification ...................... RUNNING
  2024-10-13 02:50:04 App\Jobs\PushNotification ................ 330.46ms DONE
  2024-10-13 06:50:08 App\Jobs\PushNotification ...................... RUNNING
  2024-10-13 06:50:08 App\Jobs\PushNotification ................ 285.90ms DONE
  2024-10-13 09:17:29 App\Jobs\PushNotification ...................... RUNNING
  2024-10-13 09:17:30 App\Jobs\PushNotification ................ 290.43ms DONE
  2024-10-13 10:33:36 App\Jobs\PushNotification ...................... RUNNING
  2024-10-13 10:33:36 App\Jobs\PushNotification ................ 278.21ms DONE
  2024-10-13 14:27:25 App\Jobs\PushNotification ...................... RUNNING
  2024-10-13 14:27:25 App\Jobs\PushNotification ................ 278.66ms DONE
  2024-10-13 17:06:21 App\Jobs\PushNotification ...................... RUNNING
  2024-10-13 17:06:21 App\Jobs\PushNotification ................ 278.77ms DONE
  2024-10-13 17:07:09 App\Jobs\PushNotification ...................... RUNNING
  2024-10-13 17:07:09 App\Jobs\PushNotification ................ 280.93ms DONE
  2024-10-13 17:17:07 App\Jobs\PushNotification ...................... RUNNING
  2024-10-13 17:17:07 App\Jobs\PushNotification ................ 280.08ms DONE
  2024-10-13 18:40:16 App\Jobs\PushNotification ...................... RUNNING
  2024-10-13 18:40:16 App\Jobs\PushNotification .................. 6.48ms DONE
  2024-10-13 19:14:09 App\Jobs\PushNotification ...................... RUNNING
  2024-10-13 19:14:09 App\Jobs\PushNotification ................ 276.52ms DONE
  2024-10-13 19:17:12 App\Jobs\PushNotification ...................... RUNNING
  2024-10-13 19:17:12 App\Jobs\PushNotification ................ 278.14ms DONE
  2024-10-13 19:41:10 App\Jobs\PushNotification ...................... RUNNING
  2024-10-13 19:41:10 App\Jobs\PushNotification ................ 279.99ms DONE
  2024-10-13 20:14:39 App\Jobs\PushNotification ...................... RUNNING
  2024-10-13 20:14:39 App\Jobs\PushNotification ................ 279.49ms DONE
  2024-10-13 23:24:16 App\Jobs\PushNotification ...................... RUNNING
  2024-10-13 23:24:16 App\Jobs\PushNotification ................ 300.43ms DONE
  2024-10-14 03:16:06 App\Jobs\PushNotification ...................... RUNNING
  2024-10-14 03:16:06 App\Jobs\PushNotification ................ 282.64ms DONE
  2024-10-14 06:01:03 App\Jobs\PushNotification ...................... RUNNING
  2024-10-14 06:01:03 App\Jobs\PushNotification ................ 280.59ms DONE
  2024-10-14 10:51:08 App\Jobs\PushNotification ...................... RUNNING
  2024-10-14 10:51:08 App\Jobs\PushNotification ................ 290.87ms DONE
  2024-10-14 10:52:26 App\Jobs\PushNotification ...................... RUNNING
  2024-10-14 10:52:26 App\Jobs\PushNotification ................ 293.59ms DONE
  2024-10-14 17:07:35 App\Jobs\PushNotification ...................... RUNNING
  2024-10-14 17:07:35 App\Jobs\PushNotification ................ 288.16ms DONE
  2024-10-14 18:44:48 App\Jobs\PushNotification ...................... RUNNING
  2024-10-14 18:44:48 App\Jobs\PushNotification ................ 291.25ms DONE
  2024-10-14 19:26:09 App\Jobs\PushNotification ...................... RUNNING
  2024-10-14 19:26:10 App\Jobs\PushNotification ................ 287.36ms DONE
  2024-10-14 19:28:25 App\Jobs\PushNotification ...................... RUNNING
  2024-10-14 19:28:25 App\Jobs\PushNotification ................ 281.73ms DONE
  2024-10-14 19:36:05 App\Jobs\PushNotification ...................... RUNNING
  2024-10-14 19:36:05 App\Jobs\PushNotification ................ 285.37ms DONE
  2024-10-14 21:05:29 App\Jobs\PushNotification ...................... RUNNING
  2024-10-14 21:05:30 App\Jobs\PushNotification ................ 286.27ms DONE
  2024-10-15 04:38:09 App\Jobs\PushNotification ...................... RUNNING
  2024-10-15 04:38:10 App\Jobs\PushNotification ................ 278.68ms DONE
  2024-10-15 05:27:03 App\Jobs\PushNotification ...................... RUNNING
  2024-10-15 05:27:03 App\Jobs\PushNotification ................ 283.04ms DONE
  2024-10-15 05:28:18 App\Jobs\PushNotification ...................... RUNNING
  2024-10-15 05:28:18 App\Jobs\PushNotification ................ 287.40ms DONE
  2024-10-15 05:37:03 App\Jobs\PushNotification ...................... RUNNING
  2024-10-15 05:37:04 App\Jobs\PushNotification ................ 402.17ms DONE
  2024-10-15 08:45:09 App\Jobs\PushNotification ...................... RUNNING
  2024-10-15 08:45:09 App\Jobs\PushNotification ................ 301.23ms DONE
  2024-10-15 08:45:31 App\Jobs\PushNotification ...................... RUNNING
  2024-10-15 08:45:32 App\Jobs\PushNotification ................ 297.23ms DONE
  2024-10-15 11:22:12 App\Jobs\PushNotification ...................... RUNNING
  2024-10-15 11:22:13 App\Jobs\PushNotification ................ 401.78ms DONE
  2024-10-15 12:08:04 App\Jobs\PushNotification ...................... RUNNING
  2024-10-15 12:08:04 App\Jobs\PushNotification ................ 282.65ms DONE
  2024-10-15 12:12:25 App\Jobs\PushNotification ...................... RUNNING
  2024-10-15 12:12:26 App\Jobs\PushNotification ................ 277.38ms DONE
  2024-10-15 12:12:26 App\Jobs\PushNotification ...................... RUNNING
  2024-10-15 12:12:26 App\Jobs\PushNotification ................ 280.83ms DONE
  2024-10-15 12:13:41 App\Jobs\PushNotification ...................... RUNNING
  2024-10-15 12:13:41 App\Jobs\PushNotification ................ 280.90ms DONE
  2024-10-15 12:13:41 App\Jobs\PushNotification ...................... RUNNING
  2024-10-15 12:13:42 App\Jobs\PushNotification ................ 278.87ms DONE
  2024-10-15 12:15:11 App\Jobs\PushNotification ...................... RUNNING
  2024-10-15 12:15:12 App\Jobs\PushNotification ...................... RUNNING
  2024-10-15 12:15:12 App\Jobs\PushNotification ................ 334.58ms DONE
  2024-10-15 12:15:12 App\Jobs\PushNotification ................ 279.66ms DONE
  2024-10-15 12:15:15 App\Jobs\PushNotification ...................... RUNNING
  2024-10-15 12:15:15 App\Jobs\PushNotification ...................... RUNNING
  2024-10-15 12:15:15 App\Jobs\PushNotification ................ 281.44ms DONE
  2024-10-15 12:15:15 App\Jobs\PushNotification ................ 281.40ms DONE
  2024-10-15 12:17:00 App\Jobs\PushNotification ...................... RUNNING
  2024-10-15 12:17:00 App\Jobs\PushNotification ...................... RUNNING
  2024-10-15 12:17:00 App\Jobs\PushNotification ................ 280.89ms DONE
  2024-10-15 12:17:00 App\Jobs\PushNotification ................ 279.75ms DONE
  2024-10-15 12:17:57 App\Jobs\PushNotification ...................... RUNNING
  2024-10-15 12:17:57 App\Jobs\PushNotification ...................... RUNNING
  2024-10-15 12:17:57 App\Jobs\PushNotification ................ 285.12ms DONE
  2024-10-15 12:17:57 App\Jobs\PushNotification ................ 285.86ms DONE
  2024-10-15 12:27:22 App\Jobs\PushNotification ...................... RUNNING
  2024-10-15 12:27:22 App\Jobs\PushNotification ................ 286.13ms DONE
  2024-10-15 12:32:22 App\Jobs\PushNotification ...................... RUNNING
  2024-10-15 12:32:22 App\Jobs\PushNotification ................ 276.63ms DONE
  2024-10-15 12:35:31 App\Jobs\PushNotification ...................... RUNNING
  2024-10-15 12:35:32 App\Jobs\PushNotification ................ 278.68ms DONE
  2024-10-15 12:39:38 App\Jobs\PushNotification ...................... RUNNING
  2024-10-15 12:39:38 App\Jobs\PushNotification ................ 277.12ms DONE
  2024-10-15 12:40:56 App\Jobs\PushNotification ...................... RUNNING
  2024-10-15 12:40:56 App\Jobs\PushNotification ...................... RUNNING
  2024-10-15 12:40:56 App\Jobs\PushNotification ................ 276.06ms DONE
  2024-10-15 12:40:56 App\Jobs\PushNotification ................ 273.62ms DONE
  2024-10-15 12:41:26 App\Jobs\PushNotification ...................... RUNNING
  2024-10-15 12:41:26 App\Jobs\PushNotification ...................... RUNNING
  2024-10-15 12:41:26 App\Jobs\PushNotification ................ 273.90ms DONE
  2024-10-15 12:41:26 App\Jobs\PushNotification ................ 269.97ms DONE
  2024-10-15 12:47:53 App\Jobs\PushNotification ...................... RUNNING
  2024-10-15 12:47:53 App\Jobs\PushNotification ................ 272.45ms DONE
  2024-10-15 12:48:05 App\Jobs\PushNotification ...................... RUNNING
  2024-10-15 12:48:06 App\Jobs\PushNotification ................ 284.43ms DONE
  2024-10-15 12:52:15 App\Jobs\PushNotification ...................... RUNNING
  2024-10-15 12:52:15 App\Jobs\PushNotification ................ 286.57ms DONE
  2024-10-15 12:56:57 App\Jobs\PushNotification ...................... RUNNING
  2024-10-15 12:56:57 App\Jobs\PushNotification ................ 273.14ms DONE
  2024-10-15 13:07:22 App\Jobs\PushNotification ...................... RUNNING
  2024-10-15 13:07:23 App\Jobs\PushNotification ................ 279.74ms DONE
  2024-10-15 13:11:56 App\Jobs\PushNotification ...................... RUNNING
  2024-10-15 13:11:56 App\Jobs\PushNotification ................ 274.98ms DONE
  2024-10-15 13:12:02 App\Jobs\PushNotification ...................... RUNNING
  2024-10-15 13:12:02 App\Jobs\PushNotification ................ 278.60ms DONE
  2024-10-15 13:15:32 App\Jobs\PushNotification ...................... RUNNING
  2024-10-15 13:15:32 App\Jobs\PushNotification ................ 286.28ms DONE
  2024-10-15 13:21:05 App\Jobs\PushNotification ...................... RUNNING
  2024-10-15 13:21:06 App\Jobs\PushNotification ................ 289.75ms DONE
  2024-10-15 13:24:29 App\Jobs\PushNotification ...................... RUNNING
  2024-10-15 13:24:30 App\Jobs\PushNotification ................ 712.12ms DONE
  2024-10-15 13:24:41 App\Jobs\PushNotification ...................... RUNNING
  2024-10-15 13:24:42 App\Jobs\PushNotification ................ 285.00ms DONE
  2024-10-15 13:25:15 App\Jobs\PushNotification ...................... RUNNING
  2024-10-15 13:25:15 App\Jobs\PushNotification ................ 284.14ms DONE
  2024-10-15 13:29:06 App\Jobs\PushNotification ...................... RUNNING
  2024-10-15 13:29:06 App\Jobs\PushNotification ................ 284.47ms DONE
  2024-10-15 13:35:45 App\Jobs\PushNotification ...................... RUNNING
  2024-10-15 13:35:45 App\Jobs\PushNotification ................ 283.92ms DONE
  2024-10-15 13:38:04 App\Jobs\PushNotification ...................... RUNNING
  2024-10-15 13:38:04 App\Jobs\PushNotification ................ 288.87ms DONE
  2024-10-15 13:44:07 App\Jobs\PushNotification ...................... RUNNING
  2024-10-15 13:44:07 App\Jobs\PushNotification ...................... RUNNING
  2024-10-15 13:44:07 App\Jobs\PushNotification ................ 288.61ms DONE
  2024-10-15 13:44:07 App\Jobs\PushNotification ................ 272.64ms DONE
  2024-10-15 13:44:34 App\Jobs\PushNotification ...................... RUNNING
  2024-10-15 13:44:34 App\Jobs\PushNotification ...................... RUNNING
  2024-10-15 13:44:34 App\Jobs\PushNotification ................ 276.34ms DONE
  2024-10-15 13:44:34 App\Jobs\PushNotification ................ 272.06ms DONE
  2024-10-15 13:44:37 App\Jobs\PushNotification ...................... RUNNING
  2024-10-15 13:44:37 App\Jobs\PushNotification ...................... RUNNING
  2024-10-15 13:44:37 App\Jobs\PushNotification ................ 272.87ms DONE
  2024-10-15 13:44:38 App\Jobs\PushNotification ................ 273.90ms DONE
  2024-10-15 13:47:26 App\Jobs\PushNotification ...................... RUNNING
  2024-10-15 13:47:26 App\Jobs\PushNotification ...................... RUNNING
  2024-10-15 13:47:26 App\Jobs\PushNotification ................ 291.18ms DONE
  2024-10-15 13:47:26 App\Jobs\PushNotification ................ 283.21ms DONE
  2024-10-15 13:48:53 App\Jobs\PushNotification ...................... RUNNING
  2024-10-15 13:48:53 App\Jobs\PushNotification ...................... RUNNING
  2024-10-15 13:48:53 App\Jobs\PushNotification  2024-10-15 13:48:53 App\Jobs\PushNotification ................ 369.92ms ................ DONE
 474.49ms DONE
  2024-10-15 13:49:41 App\Jobs\PushNotification ...................... RUNNING
  2024-10-15 13:49:41 App\Jobs\PushNotification ...................... RUNNING
  2024-10-15 13:49:41 App\Jobs\PushNotification ................ 288.12ms DONE
  2024-10-15 13:49:41 App\Jobs\PushNotification ................ 290.90ms DONE
  2024-10-15 13:51:17 App\Jobs\PushNotification ...................... RUNNING
  2024-10-15 13:51:17 App\Jobs\PushNotification ...................... RUNNING
  2024-10-15 13:51:17 App\Jobs\PushNotification ................ 282.71ms DONE
  2024-10-15 13:51:17 App\Jobs\PushNotification ................ 284.21ms DONE
  2024-10-15 13:52:11 App\Jobs\PushNotification ...................... RUNNING
  2024-10-15 13:52:11 App\Jobs\PushNotification ...................... RUNNING
  2024-10-15 13:52:12 App\Jobs\PushNotification ................ 278.15ms DONE
  2024-10-15 13:52:12 App\Jobs\PushNotification ................ 279.62ms DONE
  2024-10-15 13:56:33 App\Jobs\PushNotification ...................... RUNNING
  2024-10-15 13:56:33 App\Jobs\PushNotification ................ 289.01ms DONE
  2024-10-15 13:57:33 App\Jobs\PushNotification ...................... RUNNING
  2024-10-15 13:57:33 App\Jobs\PushNotification ................ 283.15ms DONE
  2024-10-15 14:01:54 App\Jobs\PushNotification ...................... RUNNING
  2024-10-15 14:01:55 App\Jobs\PushNotification ................ 285.14ms DONE
  2024-10-15 14:10:33 App\Jobs\PushNotification ...................... RUNNING
  2024-10-15 14:10:34 App\Jobs\PushNotification ................ 284.54ms DONE
  2024-10-15 14:17:07 App\Jobs\PushNotification ...................... RUNNING
  2024-10-15 14:17:07 App\Jobs\PushNotification ................ 284.99ms DONE
  2024-10-15 14:19:22 App\Jobs\PushNotification ...................... RUNNING
  2024-10-15 14:19:22 App\Jobs\PushNotification ................ 282.98ms DONE
  2024-10-15 14:23:31 App\Jobs\PushNotification ...................... RUNNING
  2024-10-15 14:23:31 App\Jobs\PushNotification ................ 274.57ms DONE
  2024-10-15 14:27:25 App\Jobs\PushNotification ...................... RUNNING
  2024-10-15 14:27:26 App\Jobs\PushNotification ................ 278.78ms DONE
  2024-10-15 14:29:50 App\Jobs\PushNotification ...................... RUNNING
  2024-10-15 14:29:50 App\Jobs\PushNotification ................ 277.26ms DONE
  2024-10-15 14:33:41 App\Jobs\PushNotification ...................... RUNNING
  2024-10-15 14:33:41 App\Jobs\PushNotification ................ 278.67ms DONE
  2024-10-15 14:39:53 App\Jobs\PushNotification ...................... RUNNING
  2024-10-15 14:39:53 App\Jobs\PushNotification ................ 281.22ms DONE
  2024-10-15 14:46:47 App\Jobs\PushNotification ...................... RUNNING
  2024-10-15 14:46:48 App\Jobs\PushNotification ................ 289.68ms DONE
  2024-10-15 14:50:57 App\Jobs\PushNotification ...................... RUNNING
  2024-10-15 14:50:57 App\Jobs\PushNotification ................ 279.25ms DONE
  2024-10-15 14:54:09 App\Jobs\PushNotification ...................... RUNNING
  2024-10-15 14:54:09 App\Jobs\PushNotification ................ 283.69ms DONE
  2024-10-15 14:57:03 App\Jobs\PushNotification ...................... RUNNING
  2024-10-15 14:57:03 App\Jobs\PushNotification ................ 264.96ms DONE
  2024-10-15 15:02:48 App\Jobs\PushNotification ...................... RUNNING
  2024-10-15 15:02:49 App\Jobs\PushNotification ................ 321.26ms DONE
  2024-10-15 15:10:07 App\Jobs\PushNotification ...................... RUNNING
  2024-10-15 15:10:07 App\Jobs\PushNotification ................ 285.31ms DONE
  2024-10-15 15:16:04 App\Jobs\PushNotification ...................... RUNNING
  2024-10-15 15:16:05 App\Jobs\PushNotification ................ 278.66ms DONE
  2024-10-15 15:20:29 App\Jobs\PushNotification ...................... RUNNING
  2024-10-15 15:20:29 App\Jobs\PushNotification ...................... RUNNING
  2024-10-15 15:20:29 App\Jobs\PushNotification  2024-10-15 15:20:29 App\Jobs\PushNotification ................ ................ 398.91ms 536.13ms DONE
 DONE
  2024-10-15 16:33:05 App\Jobs\PushNotification ...................... RUNNING
  2024-10-15 16:33:05 App\Jobs\PushNotification ................ 288.18ms DONE
  2024-10-15 16:59:54 App\Jobs\PushNotification ...................... RUNNING
  2024-10-15 16:59:54 App\Jobs\PushNotification ................ 291.25ms DONE
  2024-10-15 23:16:26 App\Jobs\PushNotification ...................... RUNNING
  2024-10-15 23:16:26 App\Jobs\PushNotification ................ 281.56ms DONE
  2024-10-15 23:45:28 App\Jobs\PushNotification ...................... RUNNING
  2024-10-15 23:45:28 App\Jobs\PushNotification ................ 280.86ms DONE
  2024-10-16 00:00:27 App\Jobs\PushNotification ...................... RUNNING
  2024-10-16 00:00:27 App\Jobs\PushNotification ................ 282.97ms DONE
  2024-10-16 00:07:30 App\Jobs\PushNotification ...................... RUNNING
  2024-10-16 00:07:31 App\Jobs\PushNotification ................ 273.41ms DONE
  2024-10-16 13:55:33 App\Jobs\PushNotification ...................... RUNNING
  2024-10-16 13:55:34 App\Jobs\PushNotification ................ 277.04ms DONE
  2024-10-16 21:15:15 App\Jobs\PushNotification ...................... RUNNING
  2024-10-16 21:15:15 App\Jobs\PushNotification ................ 275.67ms DONE
  2024-10-16 23:32:06 App\Jobs\PushNotification ...................... RUNNING
  2024-10-16 23:32:06 App\Jobs\PushNotification ................ 312.30ms DONE
  2024-10-17 00:58:10 App\Jobs\PushNotification ...................... RUNNING
  2024-10-17 00:58:10 App\Jobs\PushNotification ................ 310.48ms DONE
  2024-10-17 01:12:07 App\Jobs\PushNotification ...................... RUNNING
  2024-10-17 01:12:08 App\Jobs\PushNotification ................ 277.53ms DONE
  2024-10-17 02:18:13 App\Jobs\PushNotification ...................... RUNNING
  2024-10-17 02:18:13 App\Jobs\PushNotification ................ 274.76ms DONE
  2024-10-17 07:06:22 App\Jobs\PushNotification ...................... RUNNING
  2024-10-17 07:06:22 App\Jobs\PushNotification ................ 293.90ms DONE
  2024-10-17 07:09:10 App\Jobs\PushNotification ...................... RUNNING
  2024-10-17 07:09:11 App\Jobs\PushNotification ................ 276.12ms DONE
  2024-10-17 11:57:10 App\Jobs\PushNotification ...................... RUNNING
  2024-10-17 11:57:11 App\Jobs\PushNotification ................ 280.59ms DONE
  2024-10-17 12:13:11 App\Jobs\PushNotification ...................... RUNNING
  2024-10-17 12:13:11 App\Jobs\PushNotification ...................... RUNNING
  2024-10-17 12:13:11 App\Jobs\PushNotification .................. 5.56ms DONE
  2024-10-17 12:13:11 App\Jobs\PushNotification ................ 276.03ms DONE
  2024-10-17 12:29:27 App\Jobs\PushNotification ...................... RUNNING
  2024-10-17 12:29:27 App\Jobs\PushNotification ................ 280.67ms DONE
  2024-10-17 19:26:25 App\Jobs\PushNotification ...................... RUNNING
  2024-10-17 19:26:25 App\Jobs\PushNotification ................ 287.88ms DONE
  2024-10-17 20:53:47 App\Jobs\PushNotification ...................... RUNNING
  2024-10-17 20:53:47 App\Jobs\PushNotification ................ 280.85ms DONE
  2024-10-17 21:19:03 App\Jobs\PushNotification ...................... RUNNING
  2024-10-17 21:19:04 App\Jobs\PushNotification ................ 280.96ms DONE
  2024-10-17 22:57:56 App\Jobs\PushNotification ...................... RUNNING
  2024-10-17 22:57:56 App\Jobs\PushNotification ................ 313.82ms DONE
  2024-10-18 07:49:20 App\Jobs\PushNotification ...................... RUNNING
  2024-10-18 07:49:21 App\Jobs\PushNotification ................ 281.04ms DONE
  2024-10-18 08:02:29 App\Jobs\PushNotification ...................... RUNNING
  2024-10-18 08:02:29 App\Jobs\PushNotification ................ 276.94ms DONE
  2024-10-18 08:48:23 App\Jobs\PushNotification ...................... RUNNING
  2024-10-18 08:48:24 App\Jobs\PushNotification ................ 283.32ms DONE
  2024-10-18 14:06:38 App\Jobs\PushNotification ...................... RUNNING
  2024-10-18 14:06:38 App\Jobs\PushNotification ................ 285.07ms DONE
  2024-10-18 21:23:22 App\Jobs\PushNotification ...................... RUNNING
  2024-10-18 21:23:23 App\Jobs\PushNotification ................ 311.05ms DONE
  2024-10-18 21:24:42 App\Jobs\PushNotification ...................... RUNNING
  2024-10-18 21:24:42 App\Jobs\PushNotification ................ 308.84ms DONE
  2024-10-19 00:03:10 App\Jobs\PushNotification ...................... RUNNING
  2024-10-19 00:03:10 App\Jobs\PushNotification ................ 280.03ms DONE
  2024-10-19 00:04:28 App\Jobs\PushNotification ...................... RUNNING
  2024-10-19 00:04:28 App\Jobs\PushNotification ................ 305.90ms DONE
  2024-10-19 00:04:28 App\Jobs\PushNotification ...................... RUNNING
  2024-10-19 00:04:28 App\Jobs\PushNotification ...................... RUNNING
  2024-10-19 00:04:28 App\Jobs\PushNotification ................ 274.64ms DONE
  2024-10-19 00:04:28 App\Jobs\PushNotification ...................... RUNNING
  2024-10-19 00:04:28 App\Jobs\PushNotification ...................... RUNNING
  2024-10-19 00:04:28 App\Jobs\PushNotification ...................... RUNNING
  2024-10-19 00:04:28 App\Jobs\PushNotification ................ 283.47ms DONE
  2024-10-19 00:04:28 App\Jobs\PushNotification ................ 275.67ms DONE
  2024-10-19 00:04:29 App\Jobs\PushNotification ................ 274.57ms DONE
  2024-10-19 00:04:29 App\Jobs\PushNotification ................ 326.04ms DONE
  2024-10-19 00:06:20 App\Jobs\PushNotification ...................... RUNNING
  2024-10-19 00:06:20 App\Jobs\PushNotification ...................... RUNNING
  2024-10-19 00:06:21 App\Jobs\PushNotification ................ 277.57ms DONE
  2024-10-19 00:06:21 App\Jobs\PushNotification ................ 280.95ms DONE
  2024-10-19 00:07:16 App\Jobs\PushNotification ...................... RUNNING
  2024-10-19 00:07:17 App\Jobs\PushNotification ...................... RUNNING
  2024-10-19 00:07:17 App\Jobs\PushNotification ................ 273.46ms DONE
  2024-10-19 00:07:17 App\Jobs\PushNotification ................ 278.78ms DONE
  2024-10-19 00:07:59 App\Jobs\PushNotification ...................... RUNNING
  2024-10-19 00:07:59 App\Jobs\PushNotification ................ 273.45ms DONE
  2024-10-19 00:07:59 App\Jobs\PushNotification ...................... RUNNING
  2024-10-19 00:07:59 App\Jobs\PushNotification ................ 277.31ms DONE
  2024-10-19 00:11:57 App\Jobs\PushNotification ...................... RUNNING
  2024-10-19 00:11:57 App\Jobs\PushNotification ...................... RUNNING
  2024-10-19 00:11:57 App\Jobs\PushNotification ................ 281.64ms DONE
  2024-10-19 00:11:57 App\Jobs\PushNotification ................ 274.33ms DONE
  2024-10-19 00:14:11 App\Jobs\PushNotification ...................... RUNNING
  2024-10-19 00:14:11 App\Jobs\PushNotification ...................... RUNNING
  2024-10-19 00:14:11 App\Jobs\PushNotification ................ 277.27ms DONE
  2024-10-19 00:14:11 App\Jobs\PushNotification ................ 279.44ms DONE
  2024-10-19 00:15:23 App\Jobs\PushNotification ...................... RUNNING
  2024-10-19 00:15:23 App\Jobs\PushNotification ...................... RUNNING
  2024-10-19 00:15:24 App\Jobs\PushNotification ................ 272.13ms DONE
  2024-10-19 00:15:24 App\Jobs\PushNotification ................ 279.39ms DONE
  2024-10-19 00:17:22 App\Jobs\PushNotification ...................... RUNNING
  2024-10-19 00:17:22 App\Jobs\PushNotification ................ 277.58ms DONE
  2024-10-19 00:17:22 App\Jobs\PushNotification ...................... RUNNING
  2024-10-19 00:17:22 App\Jobs\PushNotification ................ 276.09ms DONE
  2024-10-19 00:19:00 App\Jobs\PushNotification ...................... RUNNING
  2024-10-19 00:19:00 App\Jobs\PushNotification ...................... RUNNING
  2024-10-19 00:19:00 App\Jobs\PushNotification ...................... RUNNING
  2024-10-19 00:19:00 App\Jobs\PushNotification ................ 274.98ms DONE
  2024-10-19 00:19:00 App\Jobs\PushNotification ...................... RUNNING
  2024-10-19 00:19:00 App\Jobs\PushNotification ................ 264.85ms DONE
  2024-10-19 00:19:00 App\Jobs\PushNotification ...................... RUNNING
  2024-10-19 00:19:00 App\Jobs\PushNotification ................ 273.68ms DONE
  2024-10-19 00:19:00 App\Jobs\PushNotification ...................... RUNNING
  2024-10-19 00:19:00 App\Jobs\PushNotification ................ 272.53ms DONE
  2024-10-19 00:19:00 App\Jobs\PushNotification ................ 270.79ms DONE
  2024-10-19 00:19:00 App\Jobs\PushNotification ................ 274.69ms DONE
  2024-10-19 00:19:48 App\Jobs\PushNotification ...................... RUNNING
  2024-10-19 00:19:48 App\Jobs\PushNotification ...................... RUNNING
  2024-10-19 00:19:48 App\Jobs\PushNotification ...................... RUNNING
  2024-10-19 00:19:48 App\Jobs\PushNotification ...................... RUNNING
  2024-10-19 00:19:48 App\Jobs\PushNotification ...................... RUNNING
  2024-10-19 00:19:48 App\Jobs\PushNotification ...................... RUNNING
  2024-10-19 00:19:48 App\Jobs\PushNotification ................ 275.28ms DONE
  2024-10-19 00:19:48 App\Jobs\PushNotification ................ 274.81ms DONE
  2024-10-19 00:19:48 App\Jobs\PushNotification ................ 272.71ms DONE
  2024-10-19 00:19:49 App\Jobs\PushNotification ................ 273.29ms DONE
  2024-10-19 00:19:49 App\Jobs\PushNotification ................ 273.59ms DONE
  2024-10-19 00:19:49 App\Jobs\PushNotification ................ 270.55ms DONE
  2024-10-19 00:20:32 App\Jobs\PushNotification ...................... RUNNING
  2024-10-19 00:20:32 App\Jobs\PushNotification ................ 272.61ms DONE
  2024-10-19 00:20:32 App\Jobs\PushNotification ...................... RUNNING
  2024-10-19 00:20:32 App\Jobs\PushNotification ................ 278.19ms DONE
  2024-10-19 00:21:22 App\Jobs\PushNotification ...................... RUNNING
  2024-10-19 00:21:22 App\Jobs\PushNotification ................ 275.30ms DONE
  2024-10-19 00:21:22 App\Jobs\PushNotification ...................... RUNNING
  2024-10-19 00:21:23 App\Jobs\PushNotification ................ 263.33ms DONE
  2024-10-19 00:22:02 App\Jobs\PushNotification ...................... RUNNING
  2024-10-19 00:22:02 App\Jobs\PushNotification ................ 276.91ms DONE
  2024-10-19 00:22:02 App\Jobs\PushNotification ...................... RUNNING
  2024-10-19 00:22:02 App\Jobs\PushNotification ................ 276.85ms DONE
  2024-10-19 00:23:04 App\Jobs\PushNotification ...................... RUNNING
  2024-10-19 00:23:04 App\Jobs\PushNotification ...................... RUNNING
  2024-10-19 00:23:04 App\Jobs\PushNotification ...................... RUNNING
  2024-10-19 00:23:04 App\Jobs\PushNotification ................ 274.14ms DONE
  2024-10-19 00:23:04 App\Jobs\PushNotification ...................... RUNNING
  2024-10-19 00:23:04 App\Jobs\PushNotification ................ 274.91ms DONE
  2024-10-19 00:23:04 App\Jobs\PushNotification ...................... RUNNING
  2024-10-19 00:23:04 App\Jobs\PushNotification ...................... RUNNING
  2024-10-19 00:23:04 App\Jobs\PushNotification ................ 273.64ms DONE
  2024-10-19 00:23:04 App\Jobs\PushNotification ................ 266.89ms DONE
  2024-10-19 00:23:04 App\Jobs\PushNotification ................ 274.67ms DONE
  2024-10-19 00:23:04 App\Jobs\PushNotification ................ 271.53ms DONE
  2024-10-19 00:23:26 App\Jobs\PushNotification ...................... RUNNING
  2024-10-19 00:23:27 App\Jobs\PushNotification ................ 272.13ms DONE
  2024-10-19 00:23:27 App\Jobs\PushNotification ...................... RUNNING
  2024-10-19 00:23:27 App\Jobs\PushNotification ................ 275.87ms DONE
  2024-10-19 00:24:07 App\Jobs\PushNotification ...................... RUNNING
  2024-10-19 00:24:07 App\Jobs\PushNotification ...................... RUNNING
  2024-10-19 00:24:07 App\Jobs\PushNotification ................ 274.75ms DONE
  2024-10-19 00:24:08 App\Jobs\PushNotification ................ 275.05ms DONE
  2024-10-19 00:25:02 App\Jobs\PushNotification ...................... RUNNING
  2024-10-19 00:25:03 App\Jobs\PushNotification ................ 345.20ms DONE
  2024-10-19 00:25:03 App\Jobs\PushNotification ...................... RUNNING
  2024-10-19 00:25:03 App\Jobs\PushNotification ................ 276.88ms DONE
  2024-10-19 00:26:03 App\Jobs\PushNotification ...................... RUNNING
  2024-10-19 00:26:03 App\Jobs\PushNotification ...................... RUNNING
  2024-10-19 00:26:03 App\Jobs\PushNotification ................ 276.06ms DONE
  2024-10-19 00:26:03 App\Jobs\PushNotification ...................... RUNNING
  2024-10-19 00:26:03 App\Jobs\PushNotification ................ 275.04ms DONE
  2024-10-19 00:26:03 App\Jobs\PushNotification ...................... RUNNING
  2024-10-19 00:26:04 App\Jobs\PushNotification ................ 277.10ms DONE
  2024-10-19 00:26:04 App\Jobs\PushNotification ...................... RUNNING
  2024-10-19 00:26:04 App\Jobs\PushNotification ................ 276.01ms DONE
  2024-10-19 00:26:04 App\Jobs\PushNotification ................ 276.58ms DONE
  2024-10-19 01:26:13 App\Jobs\PushNotification ...................... RUNNING
  2024-10-19 01:26:14 App\Jobs\PushNotification ................ 291.31ms DONE
  2024-10-19 01:26:14 App\Jobs\PushNotification ...................... RUNNING
  2024-10-19 01:26:14 App\Jobs\PushNotification ................ 279.30ms DONE
  2024-10-19 01:28:12 App\Jobs\PushNotification ...................... RUNNING
  2024-10-19 01:28:12 App\Jobs\PushNotification ................ 278.10ms DONE
  2024-10-19 01:39:27 App\Jobs\PushNotification ...................... RUNNING
  2024-10-19 01:39:28 App\Jobs\PushNotification ................ 276.69ms DONE
  2024-10-19 01:39:28 App\Jobs\PushNotification ...................... RUNNING
  2024-10-19 01:39:28 App\Jobs\PushNotification ...................... RUNNING
  2024-10-19 01:39:28 App\Jobs\PushNotification ................ 274.67ms DONE
  2024-10-19 01:39:28 App\Jobs\PushNotification ...................... RUNNING
  2024-10-19 01:39:28 App\Jobs\PushNotification ................ 276.01ms DONE
  2024-10-19 01:39:28 App\Jobs\PushNotification ................ 272.55ms DONE
  2024-10-19 02:13:08 App\Jobs\PushNotification ...................... RUNNING
  2024-10-19 02:13:09 App\Jobs\PushNotification ................ 280.17ms DONE
  2024-10-19 02:17:07 App\Jobs\PushNotification ...................... RUNNING
  2024-10-19 02:17:07 App\Jobs\PushNotification ................ 280.54ms DONE
  2024-10-19 02:19:03 App\Jobs\PushNotification ...................... RUNNING
  2024-10-19 02:19:03 App\Jobs\PushNotification ................ 276.99ms DONE
  2024-10-19 02:25:08 App\Jobs\PushNotification ...................... RUNNING
  2024-10-19 02:25:08 App\Jobs\PushNotification ................ 281.30ms DONE
  2024-10-19 02:25:08 App\Jobs\PushNotification ...................... RUNNING
  2024-10-19 02:25:08 App\Jobs\PushNotification ................ 279.73ms DONE
  2024-10-19 02:26:18 App\Jobs\PushNotification ...................... RUNNING
  2024-10-19 02:26:18 App\Jobs\PushNotification ...................... RUNNING
  2024-10-19 02:26:18 App\Jobs\PushNotification ................ 278.45ms DONE
  2024-10-19 02:26:18 App\Jobs\PushNotification ................ 274.19ms DONE
  2024-10-19 02:28:02 App\Jobs\PushNotification ...................... RUNNING
  2024-10-19 02:28:03 App\Jobs\PushNotification ................ 280.60ms DONE
  2024-10-19 02:28:03 App\Jobs\PushNotification ...................... RUNNING
  2024-10-19 02:28:03 App\Jobs\PushNotification ................ 274.53ms DONE
  2024-10-19 02:28:03 App\Jobs\PushNotification ...................... RUNNING
  2024-10-19 02:28:03 App\Jobs\PushNotification ...................... RUNNING
  2024-10-19 02:28:03 App\Jobs\PushNotification ................ 272.32ms DONE
  2024-10-19 02:28:03 App\Jobs\PushNotification ................ 271.22ms DONE
  2024-10-19 02:29:21 App\Jobs\PushNotification ...................... RUNNING
  2024-10-19 02:29:21 App\Jobs\PushNotification ...................... RUNNING
  2024-10-19 02:29:21 App\Jobs\PushNotification ................ 275.16ms DONE
  2024-10-19 02:29:21 App\Jobs\PushNotification ................ 272.76ms DONE
  2024-10-19 02:29:24 App\Jobs\PushNotification ...................... RUNNING
  2024-10-19 02:29:24 App\Jobs\PushNotification ...................... RUNNING
  2024-10-19 02:29:24 App\Jobs\PushNotification ................ 274.21ms DONE
  2024-10-19 02:29:25 App\Jobs\PushNotification ................ 270.90ms DONE
  2024-10-19 02:30:06 App\Jobs\PushNotification ...................... RUNNING
  2024-10-19 02:30:06 App\Jobs\PushNotification ...................... RUNNING
  2024-10-19 02:30:06 App\Jobs\PushNotification ...................... RUNNING
  2024-10-19 02:30:06 App\Jobs\PushNotification ...................... RUNNING
  2024-10-19 02:30:07 App\Jobs\PushNotification ................ 276.86ms DONE
  2024-10-19 02:30:07 App\Jobs\PushNotification ................ 278.20ms DONE
  2024-10-19 02:30:07 App\Jobs\PushNotification ................ 272.13ms DONE
  2024-10-19 02:30:07 App\Jobs\PushNotification ................ 275.93ms DONE
  2024-10-19 02:30:46 App\Jobs\PushNotification ...................... RUNNING
  2024-10-19 02:30:46 App\Jobs\PushNotification ...................... RUNNING
  2024-10-19 02:30:46 App\Jobs\PushNotification ...................... RUNNING
  2024-10-19 02:30:46 App\Jobs\PushNotification ...................... RUNNING
  2024-10-19 02:30:46 App\Jobs\PushNotification ...................... RUNNING
  2024-10-19 02:30:46 App\Jobs\PushNotification ...................... RUNNING
  2024-10-19 02:30:46 App\Jobs\PushNotification ................ 273.60ms DONE
  2024-10-19 02:30:46 App\Jobs\PushNotification ................ 268.25ms DONE
  2024-10-19 02:30:46 App\Jobs\PushNotification ................ 273.38ms DONE
  2024-10-19 02:30:46 App\Jobs\PushNotification ................ 272.76ms DONE
  2024-10-19 02:30:46 App\Jobs\PushNotification ................ 282.99ms DONE
  2024-10-19 02:30:46 App\Jobs\PushNotification ................ 289.21ms DONE
  2024-10-19 02:38:55 App\Jobs\PushNotification ...................... RUNNING
  2024-10-19 02:38:55 App\Jobs\PushNotification ...................... RUNNING
  2024-10-19 02:38:56 App\Jobs\PushNotification ................  2024-10-19 02:38:56 App\Jobs\PushNotification 275.36ms DONE
 ................ 274.70ms DONE
  2024-10-19 02:38:56 App\Jobs\PushNotification ...................... RUNNING
  2024-10-19 02:38:56 App\Jobs\PushNotification ...................... RUNNING
  2024-10-19 02:38:56 App\Jobs\PushNotification ................ 272.54ms DONE
  2024-10-19 02:38:56 App\Jobs\PushNotification ................ 273.06ms DONE
  2024-10-19 02:38:56 App\Jobs\PushNotification ...................... RUNNING
  2024-10-19 02:38:56 App\Jobs\PushNotification ...................... RUNNING
  2024-10-19 02:38:56 App\Jobs\PushNotification ................ 262.27ms DONE
  2024-10-19 02:38:56 App\Jobs\PushNotification ................ 271.07ms DONE
  2024-10-19 02:46:46 App\Jobs\PushNotification ...................... RUNNING
  2024-10-19 02:46:46 App\Jobs\PushNotification ...................... RUNNING
  2024-10-19 02:46:46 App\Jobs\PushNotification  2024-10-19 02:46:46 App\Jobs\PushNotification  2024-10-19 02:46:46 App\Jobs\PushNotification ...................... ...................... ...................... RUNNING
 RUNNING
 RUNNING
  2024-10-19 02:46:47 App\Jobs\PushNotification ................ 282.69ms DONE
  2024-10-19 02:46:47 App\Jobs\PushNotification ...................... RUNNING
  2024-10-19 02:46:47 App\Jobs\PushNotification ................ 278.84ms DONE
  2024-10-19 02:46:47 App\Jobs\PushNotification ................  2024-10-19 02:46:47 App\Jobs\PushNotification 278.96ms DONE
 ................ 279.55ms DONE
  2024-10-19 02:46:47 App\Jobs\PushNotification ................ 280.49ms DONE
  2024-10-19 02:46:47 App\Jobs\PushNotification ................ 275.65ms DONE
  2024-10-19 02:50:20 App\Jobs\PushNotification ...................... RUNNING
  2024-10-19 02:50:20 App\Jobs\PushNotification ................ 267.97ms DONE
  2024-10-19 02:56:02 App\Jobs\PushNotification ...................... RUNNING
  2024-10-19 02:56:03 App\Jobs\PushNotification ................ 275.08ms DONE
  2024-10-19 03:16:07 App\Jobs\PushNotification ...................... RUNNING
  2024-10-19 03:16:07 App\Jobs\PushNotification ................ 282.35ms DONE
  2024-10-19 03:20:37 App\Jobs\PushNotification ...................... RUNNING
  2024-10-19 03:20:37 App\Jobs\PushNotification ................ 285.55ms DONE
  2024-10-19 03:39:14 App\Jobs\PushNotification ...................... RUNNING
  2024-10-19 03:39:14 App\Jobs\PushNotification ................ 275.84ms DONE
  2024-10-19 04:04:06 App\Jobs\PushNotification ...................... RUNNING
  2024-10-19 04:04:06 App\Jobs\PushNotification ................ 277.88ms DONE
  2024-10-19 04:22:07 App\Jobs\PushNotification ...................... RUNNING
  2024-10-19 04:22:07 App\Jobs\PushNotification ................ 290.28ms DONE
  2024-10-19 04:23:55 App\Jobs\PushNotification ...................... RUNNING
  2024-10-19 04:23:55 App\Jobs\PushNotification ...................... RUNNING
  2024-10-19 04:23:55 App\Jobs\PushNotification ...................... RUNNING
  2024-10-19 04:23:55 App\Jobs\PushNotification ................ 274.60ms DONE
  2024-10-19 04:23:55 App\Jobs\PushNotification ...................... RUNNING
  2024-10-19 04:23:55 App\Jobs\PushNotification ................ 278.94ms DONE
  2024-10-19 04:23:55 App\Jobs\PushNotification ................ 271.56ms DONE
  2024-10-19 04:23:55 App\Jobs\PushNotification ................ 272.78ms DONE
  2024-10-19 04:25:40 App\Jobs\PushNotification ...................... RUNNING
  2024-10-19 04:25:40 App\Jobs\PushNotification ...................... RUNNING
  2024-10-19 04:25:40 App\Jobs\PushNotification ................ 274.57ms DONE
  2024-10-19 04:25:40 App\Jobs\PushNotification ................ 273.71ms DONE
  2024-10-19 04:25:52 App\Jobs\PushNotification  2024-10-19 04:25:52 App\Jobs\PushNotification ...................... ...................... RUNNING
 RUNNING
  2024-10-19 04:25:52 App\Jobs\PushNotification ................ 273.29ms DONE
  2024-10-19 04:25:52 App\Jobs\PushNotification ................ 274.42ms DONE
  2024-10-19 04:27:22 App\Jobs\PushNotification ...................... RUNNING
  2024-10-19 04:27:22 App\Jobs\PushNotification ...................... RUNNING
  2024-10-19 04:27:23 App\Jobs\PushNotification ................ 276.00ms DONE
  2024-10-19 04:27:23 App\Jobs\PushNotification ................ 273.60ms DONE
  2024-10-19 04:28:04 App\Jobs\PushNotification ...................... RUNNING
  2024-10-19 04:28:04 App\Jobs\PushNotification ...................... RUNNING
  2024-10-19 04:28:05 App\Jobs\PushNotification ................ 274.91ms DONE
  2024-10-19 04:28:05 App\Jobs\PushNotification ................ 274.68ms DONE
  2024-10-19 04:28:35 App\Jobs\PushNotification ...................... RUNNING
  2024-10-19 04:28:35 App\Jobs\PushNotification ................ 275.02ms DONE
  2024-10-19 04:28:35 App\Jobs\PushNotification ...................... RUNNING
  2024-10-19 04:28:35 App\Jobs\PushNotification ................ 274.55ms DONE
  2024-10-19 04:29:04 App\Jobs\PushNotification ...................... RUNNING
  2024-10-19 04:29:05 App\Jobs\PushNotification ...................... RUNNING
  2024-10-19 04:29:05 App\Jobs\PushNotification ................ 271.56ms DONE
  2024-10-19 04:29:05 App\Jobs\PushNotification ................ 273.50ms DONE
  2024-10-19 04:29:26 App\Jobs\PushNotification  2024-10-19 04:29:26 App\Jobs\PushNotification ...................... ...................... RUNNING
 RUNNING
  2024-10-19 04:29:26 App\Jobs\PushNotification ................ 270.46ms DONE
  2024-10-19 04:29:26 App\Jobs\PushNotification ................ 274.70ms DONE
  2024-10-19 04:29:47 App\Jobs\PushNotification ...................... RUNNING
  2024-10-19 04:29:48 App\Jobs\PushNotification ................ 272.77ms DONE
  2024-10-19 04:29:48 App\Jobs\PushNotification ...................... RUNNING
  2024-10-19 04:29:48 App\Jobs\PushNotification ................ 272.87ms DONE
  2024-10-19 04:31:17 App\Jobs\PushNotification ...................... RUNNING
  2024-10-19 04:31:17 App\Jobs\PushNotification ...................... RUNNING
  2024-10-19 04:31:17 App\Jobs\PushNotification ...................... RUNNING
  2024-10-19 04:31:17 App\Jobs\PushNotification ...................... RUNNING
  2024-10-19 04:31:17 App\Jobs\PushNotification ................ 277.49ms DONE
  2024-10-19 04:31:17 App\Jobs\PushNotification ................ 277.71ms DONE
  2024-10-19 04:31:17 App\Jobs\PushNotification ................ 267.38ms DONE
  2024-10-19 04:31:17 App\Jobs\PushNotification ................ 273.47ms DONE
  2024-10-19 04:32:29 App\Jobs\PushNotification ......................  2024-10-19 04:32:29 App\Jobs\PushNotification RUNNING
 ...................... RUNNING
  2024-10-19 04:32:29 App\Jobs\PushNotification ...................... RUNNING
  2024-10-19 04:32:29 App\Jobs\PushNotification ...................... RUNNING
  2024-10-19 04:32:29 App\Jobs\PushNotification ...................... RUNNING
  2024-10-19 04:32:29 App\Jobs\PushNotification ...................... RUNNING
  2024-10-19 04:32:29 App\Jobs\PushNotification ................ 273.07ms DONE
  2024-10-19 04:32:29 App\Jobs\PushNotification ................ 277.95ms DONE
  2024-10-19 04:32:29 App\Jobs\PushNotification ................ 264.40ms DONE
  2024-10-19 04:32:29 App\Jobs\PushNotification ................ 272.28ms DONE
  2024-10-19 04:32:29 App\Jobs\PushNotification ................ 274.92ms DONE
  2024-10-19 04:32:30 App\Jobs\PushNotification ................ 274.90ms DONE
  2024-10-19 04:32:53 App\Jobs\PushNotification ...................... RUNNING
  2024-10-19 04:32:53 App\Jobs\PushNotification ...................... RUNNING
  2024-10-19 04:32:54 App\Jobs\PushNotification ................ 274.05ms DONE
  2024-10-19 04:32:54 App\Jobs\PushNotification ................ 270.87ms DONE
  2024-10-19 04:33:11 App\Jobs\PushNotification ...................... RUNNING
  2024-10-19 04:33:11 App\Jobs\PushNotification ...................... RUNNING
  2024-10-19 04:33:11 App\Jobs\PushNotification ...................... RUNNING
  2024-10-19 04:33:12 App\Jobs\PushNotification ...................... RUNNING
  2024-10-19 04:33:12 App\Jobs\PushNotification ......................  2024-10-19 04:33:12 App\Jobs\PushNotification RUNNING
 ...................... RUNNING
  2024-10-19 04:33:12 App\Jobs\PushNotification ................ 273.07ms DONE
  2024-10-19 04:33:12 App\Jobs\PushNotification ................ 273.99ms DONE
  2024-10-19 04:33:12 App\Jobs\PushNotification ................ 400.82ms DONE
  2024-10-19 04:33:12 App\Jobs\PushNotification ................ 270.94ms DONE
  2024-10-19 04:33:12 App\Jobs\PushNotification ................ 270.73ms DONE
  2024-10-19 04:33:12 App\Jobs\PushNotification ................ 276.37ms DONE
  2024-10-19 04:34:30 App\Jobs\PushNotification ...................... RUNNING
  2024-10-19 04:34:30 App\Jobs\PushNotification ...................... RUNNING
  2024-10-19 04:34:30 App\Jobs\PushNotification ................ 274.17ms DONE
  2024-10-19 04:34:30 App\Jobs\PushNotification ................ 272.35ms DONE
  2024-10-19 04:34:51 App\Jobs\PushNotification ...................... RUNNING
  2024-10-19 04:34:51 App\Jobs\PushNotification ...................... RUNNING
  2024-10-19 04:34:51 App\Jobs\PushNotification ................ 278.97ms DONE
  2024-10-19 04:34:51 App\Jobs\PushNotification ................ 274.83ms DONE
  2024-10-19 04:35:09 App\Jobs\PushNotification ...................... RUNNING
  2024-10-19 04:35:09 App\Jobs\PushNotification ...................... RUNNING
  2024-10-19 04:35:09 App\Jobs\PushNotification ................ 271.15ms DONE
  2024-10-19 04:35:09 App\Jobs\PushNotification ................ 272.51ms DONE
  2024-10-19 04:36:57 App\Jobs\PushNotification ...................... RUNNING
  2024-10-19 04:36:57 App\Jobs\PushNotification ...................... RUNNING
  2024-10-19 04:36:57 App\Jobs\PushNotification ...................... RUNNING
  2024-10-19 04:36:57 App\Jobs\PushNotification ...................... RUNNING
  2024-10-19 04:36:57 App\Jobs\PushNotification ................ 270.64ms DONE
  2024-10-19 04:36:57 App\Jobs\PushNotification ................ 271.92ms DONE
  2024-10-19 04:36:57 App\Jobs\PushNotification ................ 272.96ms DONE
  2024-10-19 04:36:58 App\Jobs\PushNotification ................ 272.85ms DONE
  2024-10-19 04:38:27 App\Jobs\PushNotification  2024-10-19 04:38:27 App\Jobs\PushNotification ...................... ...................... RUNNING
 RUNNING
  2024-10-19 04:38:28 App\Jobs\PushNotification ................ 273.31ms DONE
  2024-10-19 04:38:28 App\Jobs\PushNotification ................ 274.24ms DONE
  2024-10-19 04:38:42 App\Jobs\PushNotification ...................... RUNNING
  2024-10-19 04:38:42 App\Jobs\PushNotification ...................... RUNNING
  2024-10-19 04:38:43 App\Jobs\PushNotification ................ 294.22ms DONE
  2024-10-19 04:38:43 App\Jobs\PushNotification ................ 272.92ms DONE
  2024-10-19 04:40:04 App\Jobs\PushNotification ...................... RUNNING
  2024-10-19 04:40:04 App\Jobs\PushNotification ...................... RUNNING
  2024-10-19 04:40:04 App\Jobs\PushNotification ...................... RUNNING
  2024-10-19 04:40:04 App\Jobs\PushNotification ...................... RUNNING
  2024-10-19 04:40:04 App\Jobs\PushNotification ................ 349.78ms DONE
  2024-10-19 04:40:04 App\Jobs\PushNotification ................ 374.65ms DONE
  2024-10-19 04:40:04 App\Jobs\PushNotification ................ 301.37ms DONE
  2024-10-19 04:40:04 App\Jobs\PushNotification ................ 302.15ms DONE
  2024-10-19 04:50:25 App\Jobs\PushNotification ...................... RUNNING
  2024-10-19 04:50:25 App\Jobs\PushNotification ...................... RUNNING
  2024-10-19 04:50:25 App\Jobs\PushNotification ................ 265.16ms DONE
  2024-10-19 04:50:25 App\Jobs\PushNotification ................ 314.23ms DONE
  2024-10-19 04:55:55 App\Jobs\PushNotification ...................... RUNNING
  2024-10-19 04:55:55 App\Jobs\PushNotification ...................... RUNNING
  2024-10-19 04:55:56 App\Jobs\PushNotification ................ 279.17ms DONE
  2024-10-19 04:55:56 App\Jobs\PushNotification ................ 274.39ms DONE
  2024-10-19 04:56:41 App\Jobs\PushNotification ...................... RUNNING
  2024-10-19 04:56:41 App\Jobs\PushNotification ...................... RUNNING
  2024-10-19 04:56:41 App\Jobs\PushNotification ................ 264.09ms DONE
  2024-10-19 04:56:41 App\Jobs\PushNotification ................ 272.26ms DONE
  2024-10-19 05:01:41 App\Jobs\PushNotification ...................... RUNNING
  2024-10-19 05:01:41 App\Jobs\PushNotification ...................... RUNNING
  2024-10-19 05:01:41 App\Jobs\PushNotification ...................... RUNNING
  2024-10-19 05:01:41 App\Jobs\PushNotification ...................... RUNNING
  2024-10-19 05:01:41 App\Jobs\PushNotification ................ 279.29ms DONE
  2024-10-19 05:01:41 App\Jobs\PushNotification ................ 276.29ms  2024-10-19 05:01:41 App\Jobs\PushNotification DONE
 ................ 275.38ms DONE
  2024-10-19 05:01:41 App\Jobs\PushNotification ................ 273.90ms DONE
  2024-10-19 05:06:17 App\Jobs\PushNotification ...................... RUNNING
  2024-10-19 05:06:17 App\Jobs\PushNotification ................ 294.83ms DONE
  2024-10-19 05:17:28 App\Jobs\PushNotification ...................... RUNNING
  2024-10-19 05:17:28 App\Jobs\PushNotification ................ 441.13ms DONE
  2024-10-19 05:17:28 App\Jobs\PushNotification ...................... RUNNING
  2024-10-19 05:17:29 App\Jobs\PushNotification ................ 270.76ms DONE
  2024-10-19 05:18:56 App\Jobs\PushNotification ...................... RUNNING
  2024-10-19 05:18:56 App\Jobs\PushNotification ................ 278.08ms DONE
  2024-10-19 05:18:56 App\Jobs\PushNotification ...................... RUNNING
  2024-10-19 05:18:56 App\Jobs\PushNotification ................ 273.41ms DONE
  2024-10-19 05:19:32 App\Jobs\PushNotification ...................... RUNNING
  2024-10-19 05:19:32 App\Jobs\PushNotification ...................... RUNNING
  2024-10-19 05:19:33 App\Jobs\PushNotification ................ 273.63ms DONE
  2024-10-19 05:19:33 App\Jobs\PushNotification ................ 264.03ms DONE
  2024-10-19 05:20:53 App\Jobs\PushNotification ...................... RUNNING
  2024-10-19 05:20:54 App\Jobs\PushNotification ...................... RUNNING
  2024-10-19 05:20:54 App\Jobs\PushNotification ...................... RUNNING
  2024-10-19 05:20:54 App\Jobs\PushNotification ................ 275.31ms DONE
  2024-10-19 05:20:54 App\Jobs\PushNotification ...................... RUNNING
  2024-10-19 05:20:54 App\Jobs\PushNotification ................ 273.00ms DONE
  2024-10-19 05:20:54 App\Jobs\PushNotification ................ 275.56ms DONE
  2024-10-19 05:20:54 App\Jobs\PushNotification ................ 271.76ms DONE
  2024-10-19 05:26:15 App\Jobs\PushNotification ......................  2024-10-19 05:26:15 App\Jobs\PushNotification RUNNING
 ...................... RUNNING
  2024-10-19 05:26:15 App\Jobs\PushNotification ...................... RUNNING
  2024-10-19 05:26:15 App\Jobs\PushNotification ......................  2024-10-19 05:26:15 App\Jobs\PushNotification RUNNING
  2024-10-19 05:26:15 App\Jobs\PushNotification ...................... ...................... RUNNING
 RUNNING
  2024-10-19 05:26:15 App\Jobs\PushNotification ................ 275.69ms DONE
  2024-10-19 05:26:15 App\Jobs\PushNotification ................ 276.80ms DONE
  2024-10-19 05:26:15 App\Jobs\PushNotification ................ 273.62ms DONE
  2024-10-19 05:26:15 App\Jobs\PushNotification ................ 263.43ms DONE
  2024-10-19 05:26:15 App\Jobs\PushNotification ................ 264.45ms DONE
  2024-10-19 05:26:15 App\Jobs\PushNotification ................ 270.81ms DONE
  2024-10-19 05:31:12 App\Jobs\PushNotification ...................... RUNNING
  2024-10-19 05:31:13 App\Jobs\PushNotification ...................... RUNNING
  2024-10-19 05:31:13 App\Jobs\PushNotification ...................... RUNNING
  2024-10-19 05:31:13 App\Jobs\PushNotification ...................... RUNNING
  2024-10-19 05:31:13 App\Jobs\PushNotification ................ 278.44ms DONE
  2024-10-19 05:31:13 App\Jobs\PushNotification ................ 283.22ms DONE
  2024-10-19 05:31:13 App\Jobs\PushNotification ................ 282.11ms DONE
  2024-10-19 05:31:13 App\Jobs\PushNotification ................ 268.10ms DONE
  2024-10-19 05:34:01 App\Jobs\PushNotification ...................... RUNNING
  2024-10-19 05:34:01 App\Jobs\PushNotification ...................... RUNNING
  2024-10-19 05:34:01 App\Jobs\PushNotification ................ 278.21ms DONE
  2024-10-19 05:34:01 App\Jobs\PushNotification ................ 274.48ms DONE
  2024-10-19 05:35:28 App\Jobs\PushNotification ......................  2024-10-19 05:35:28 App\Jobs\PushNotification RUNNING
 ...................... RUNNING
  2024-10-19 05:35:28 App\Jobs\PushNotification ................ 264.43ms DONE
  2024-10-19 05:35:28 App\Jobs\PushNotification ................ 279.49ms DONE
  2024-10-19 05:38:22 App\Jobs\PushNotification ...................... RUNNING
  2024-10-19 05:38:22 App\Jobs\PushNotification ...................... RUNNING
  2024-10-19 05:38:22 App\Jobs\PushNotification ................ 273.58ms DONE
  2024-10-19 05:38:22 App\Jobs\PushNotification ................ 273.35ms DONE
  2024-10-19 05:42:10 App\Jobs\PushNotification ...................... RUNNING
  2024-10-19 05:42:11 App\Jobs\PushNotification ................ 280.25ms DONE
  2024-10-19 05:43:04 App\Jobs\PushNotification  2024-10-19 05:43:04 App\Jobs\PushNotification  2024-10-19 05:43:04 App\Jobs\PushNotification ...................... ...................... RUNNING
 ...................... RUNNING
 RUNNING
  2024-10-19 05:43:04 App\Jobs\PushNotification ...................... RUNNING
  2024-10-19 05:43:05 App\Jobs\PushNotification  2024-10-19 05:43:05 App\Jobs\PushNotification ................ 271.83ms DONE
 ................  2024-10-19 05:43:05 App\Jobs\PushNotification 271.85ms DONE
 ................ 272.53ms DONE
  2024-10-19 05:43:05 App\Jobs\PushNotification ................ 280.44ms DONE
  2024-10-19 08:28:59 App\Jobs\PushNotification ...................... RUNNING
  2024-10-19 08:29:00 App\Jobs\PushNotification ................ 275.91ms DONE
  2024-10-19 09:02:07 App\Jobs\PushNotification ...................... RUNNING
  2024-10-19 09:02:07 App\Jobs\PushNotification ................ 282.29ms DONE
  2024-10-19 09:07:10 App\Jobs\PushNotification ...................... RUNNING
  2024-10-19 09:07:11 App\Jobs\PushNotification ................ 285.38ms DONE
  2024-10-19 09:19:46 App\Jobs\PushNotification ...................... RUNNING
  2024-10-19 09:19:46 App\Jobs\PushNotification ................ 323.28ms DONE
  2024-10-19 09:33:27 App\Jobs\PushNotification ...................... RUNNING
  2024-10-19 09:33:27 App\Jobs\PushNotification ................ 275.30ms DONE
  2024-10-19 09:47:11 App\Jobs\PushNotification ...................... RUNNING
  2024-10-19 09:47:11 App\Jobs\PushNotification ................ 274.24ms DONE
  2024-10-19 10:05:12 App\Jobs\PushNotification ...................... RUNNING
  2024-10-19 10:05:12 App\Jobs\PushNotification ................ 276.43ms DONE
  2024-10-19 10:23:46 App\Jobs\PushNotification ...................... RUNNING
  2024-10-19 10:23:46 App\Jobs\PushNotification ................ 273.31ms DONE
  2024-10-19 12:19:58 App\Jobs\PushNotification ...................... RUNNING
  2024-10-19 12:19:58 App\Jobs\PushNotification ................ 334.82ms DONE
  2024-10-19 13:08:08 App\Jobs\PushNotification ...................... RUNNING
  2024-10-19 13:08:08 App\Jobs\PushNotification ................ 295.34ms DONE
  2024-10-19 14:06:40 App\Jobs\PushNotification ...................... RUNNING
  2024-10-19 14:06:40 App\Jobs\PushNotification ................ 275.80ms DONE
  2024-10-19 14:59:36 App\Jobs\PushNotification ...................... RUNNING
  2024-10-19 14:59:37 App\Jobs\PushNotification ................ 399.28ms DONE
  2024-10-19 15:33:53 App\Jobs\PushNotification ...................... RUNNING
  2024-10-19 15:33:53 App\Jobs\PushNotification ................ 277.05ms DONE
  2024-10-19 16:03:06 App\Jobs\PushNotification ...................... RUNNING
  2024-10-19 16:03:07 App\Jobs\PushNotification ................ 308.64ms DONE
  2024-10-20 02:02:29 App\Jobs\PushNotification ...................... RUNNING
  2024-10-20 02:02:29 App\Jobs\PushNotification ................ 613.94ms DONE
  2024-10-20 07:31:29 App\Jobs\PushNotification ...................... RUNNING
  2024-10-20 07:31:29 App\Jobs\PushNotification ................ 324.31ms DONE
  2024-10-20 09:17:35 App\Jobs\PushNotification ...................... RUNNING
  2024-10-20 09:17:35 App\Jobs\PushNotification ................ 323.87ms DONE
  2024-10-21 03:52:14 App\Jobs\PushNotification ...................... RUNNING
  2024-10-21 03:52:14 App\Jobs\PushNotification ................ 313.96ms DONE
  2024-10-21 14:04:29 App\Jobs\PushNotification ...................... RUNNING
  2024-10-21 14:04:30 App\Jobs\PushNotification ................ 289.75ms DONE
  2024-10-21 16:04:09 App\Jobs\PushNotification ...................... RUNNING
  2024-10-21 16:04:09 App\Jobs\PushNotification ................ 336.27ms DONE
  2024-10-21 19:25:26 App\Jobs\PushNotification ...................... RUNNING
  2024-10-21 19:25:26 App\Jobs\PushNotification ................ 291.95ms DONE
  2024-10-21 20:10:26 App\Jobs\PushNotification ...................... RUNNING
  2024-10-21 20:10:27 App\Jobs\PushNotification ................ 282.25ms DONE
  2024-10-22 06:02:12 App\Jobs\PushNotification ...................... RUNNING
  2024-10-22 06:02:13 App\Jobs\PushNotification ................ 275.91ms DONE
  2024-10-22 11:51:21 App\Jobs\PushNotification ...................... RUNNING
  2024-10-22 11:51:21 App\Jobs\PushNotification ................ 284.12ms DONE
  2024-10-22 13:20:35 App\Jobs\PushNotification ...................... RUNNING
  2024-10-22 13:20:35 App\Jobs\PushNotification ................ 276.66ms DONE
  2024-10-22 14:23:09 App\Jobs\PushNotification ...................... RUNNING
  2024-10-22 14:23:10 App\Jobs\PushNotification ................ 276.54ms DONE
  2024-10-22 15:50:05 App\Jobs\PushNotification ...................... RUNNING
  2024-10-22 15:50:05 App\Jobs\PushNotification ................ 299.06ms DONE
  2024-10-22 18:17:19 App\Jobs\PushNotification ...................... RUNNING
  2024-10-22 18:17:19 App\Jobs\PushNotification ................ 280.69ms DONE
  2024-10-22 18:21:04 App\Jobs\PushNotification ...................... RUNNING
  2024-10-22 18:21:05 App\Jobs\PushNotification ................ 281.76ms DONE
  2024-10-22 20:39:08 App\Jobs\PushNotification ...................... RUNNING
  2024-10-22 20:39:08 App\Jobs\PushNotification ................ 278.75ms DONE
  2024-10-23 10:04:41 App\Jobs\PushNotification ...................... RUNNING
  2024-10-23 10:04:42 App\Jobs\PushNotification ................ 281.71ms DONE
  2024-10-23 10:42:39 App\Jobs\PushNotification ...................... RUNNING
  2024-10-23 10:42:39 App\Jobs\PushNotification ................ 285.24ms DONE
  2024-10-23 13:07:19 App\Jobs\PushNotification ...................... RUNNING
  2024-10-23 13:07:19 App\Jobs\PushNotification ................ 286.99ms DONE
  2024-10-23 16:55:00 App\Jobs\PushNotification ...................... RUNNING
  2024-10-23 16:55:01 App\Jobs\PushNotification ................ 283.25ms DONE
  2024-10-23 17:04:34 App\Jobs\PushNotification ...................... RUNNING
  2024-10-23 17:04:34 App\Jobs\PushNotification ................ 286.23ms DONE
  2024-10-23 19:00:29 App\Jobs\PushNotification ...................... RUNNING
  2024-10-23 19:00:30 App\Jobs\PushNotification ................ 324.02ms DONE
  2024-10-23 19:01:29 App\Jobs\PushNotification ...................... RUNNING
  2024-10-23 19:01:30 App\Jobs\PushNotification ................ 281.46ms DONE
  2024-10-23 22:41:08 App\Jobs\PushNotification ...................... RUNNING
  2024-10-23 22:41:08 App\Jobs\PushNotification ................ 298.28ms DONE
  2024-10-23 23:30:16 App\Jobs\PushNotification ...................... RUNNING
  2024-10-23 23:30:16 App\Jobs\PushNotification ................ 321.67ms DONE
  2024-10-23 23:39:01 App\Jobs\PushNotification ...................... RUNNING
  2024-10-23 23:39:02 App\Jobs\PushNotification ................ 279.04ms DONE
  2024-10-24 00:13:00 App\Jobs\PushNotification ...................... RUNNING
  2024-10-24 00:13:00 App\Jobs\PushNotification ................ 303.22ms DONE
  2024-10-24 05:22:11 App\Jobs\PushNotification ...................... RUNNING
  2024-10-24 05:22:12 App\Jobs\PushNotification ................ 281.57ms DONE
  2024-10-24 08:28:19 App\Jobs\PushNotification ...................... RUNNING
  2024-10-24 08:28:19 App\Jobs\PushNotification ................ 293.72ms DONE
  2024-10-24 10:19:45 App\Jobs\PushNotification ...................... RUNNING
  2024-10-24 10:19:45 App\Jobs\PushNotification ................ 286.22ms DONE
  2024-10-24 10:23:50 App\Jobs\PushNotification ...................... RUNNING
  2024-10-24 10:23:50 App\Jobs\PushNotification ................ 280.75ms DONE
  2024-10-24 19:35:04 App\Jobs\PushNotification ...................... RUNNING
  2024-10-24 19:35:04 App\Jobs\PushNotification ................ 127.28ms DONE
  2024-10-24 20:34:24 App\Jobs\PushNotification ...................... RUNNING
  2024-10-24 20:34:24 App\Jobs\PushNotification ................. 97.90ms DONE
  2024-10-25 11:18:44 App\Jobs\PushNotification ...................... RUNNING
  2024-10-25 11:18:44 App\Jobs\PushNotification ................. 91.18ms DONE
  2024-10-26 10:34:37 App\Jobs\PushNotification ...................... RUNNING
  2024-10-26 10:34:37 App\Jobs\PushNotification ................ 120.88ms DONE
  2024-10-26 14:09:55 App\Jobs\PushNotification ...................... RUNNING
  2024-10-26 14:09:55 App\Jobs\PushNotification ................. 99.69ms DONE
  2024-10-26 14:44:18 App\Jobs\PushNotification ...................... RUNNING
  2024-10-26 14:44:18 App\Jobs\PushNotification ................. 84.84ms DONE
  2024-10-26 16:46:05 App\Jobs\PushNotification ...................... RUNNING
  2024-10-26 16:46:05 App\Jobs\PushNotification ................. 89.84ms DONE
  2024-10-27 05:28:16 App\Jobs\PushNotification ...................... RUNNING
  2024-10-27 05:28:16 App\Jobs\PushNotification ................. 88.61ms DONE
  2024-10-27 08:39:13 App\Jobs\PushNotification ...................... RUNNING
  2024-10-27 08:39:13 App\Jobs\PushNotification ................. 92.75ms DONE
  2024-10-27 08:54:05 App\Jobs\PushNotification ...................... RUNNING
  2024-10-27 08:54:05 App\Jobs\PushNotification ................. 93.44ms DONE
  2024-10-27 10:59:15 App\Jobs\PushNotification ...................... RUNNING
  2024-10-27 10:59:15 App\Jobs\PushNotification ................ 117.55ms DONE
  2024-10-27 11:07:16 App\Jobs\PushNotification ...................... RUNNING
  2024-10-27 11:07:16 App\Jobs\PushNotification ................. 93.63ms DONE
  2024-10-27 14:06:08 App\Jobs\PushNotification ...................... RUNNING
  2024-10-27 14:06:08 App\Jobs\PushNotification ................. 92.08ms DONE
  2024-10-28 06:36:13 App\Jobs\PushNotification ...................... RUNNING
  2024-10-28 06:36:13 App\Jobs\PushNotification ................ 140.37ms DONE
  2024-10-28 06:41:28 App\Jobs\PushNotification ...................... RUNNING
  2024-10-28 06:41:28 App\Jobs\PushNotification ................. 90.80ms DONE
  2024-10-28 11:34:09 App\Jobs\PushNotification ...................... RUNNING
  2024-10-28 11:34:09 App\Jobs\PushNotification ................. 91.45ms DONE
  2024-10-28 19:40:04 App\Jobs\PushNotification ...................... RUNNING
  2024-10-28 19:40:04 App\Jobs\PushNotification ................ 133.99ms DONE
  2024-10-28 19:40:04 App\Jobs\PushNotification ...................... RUNNING
  2024-10-28 19:40:05 App\Jobs\PushNotification ................. 91.32ms DONE
  2024-10-28 21:47:10 App\Jobs\PushNotification ...................... RUNNING
  2024-10-28 21:47:10 App\Jobs\PushNotification ................. 88.47ms DONE
  2024-10-28 21:50:19 App\Jobs\PushNotification ...................... RUNNING
  2024-10-28 21:50:19 App\Jobs\PushNotification .................. 5.41ms DONE
  2024-10-28 21:53:16 App\Jobs\PushNotification ...................... RUNNING
  2024-10-28 21:53:16 App\Jobs\PushNotification ................. 90.94ms DONE
  2024-10-29 06:28:07 App\Jobs\PushNotification ...................... RUNNING
  2024-10-29 06:28:07 App\Jobs\PushNotification ................. 88.13ms DONE
  2024-10-29 06:49:14 App\Jobs\PushNotification ...................... RUNNING
  2024-10-29 06:49:14 App\Jobs\PushNotification ................. 88.00ms DONE
  2024-10-29 13:57:55 App\Jobs\PushNotification ...................... RUNNING
  2024-10-29 13:57:55 App\Jobs\PushNotification ................ 122.45ms DONE
  2024-10-29 16:36:16 App\Jobs\PushNotification ...................... RUNNING
  2024-10-29 16:36:16 App\Jobs\PushNotification ................ 122.43ms DONE
  2024-10-29 17:58:40 App\Jobs\PushNotification ...................... RUNNING
  2024-10-29 17:58:40 App\Jobs\PushNotification .................. 5.54ms DONE
  2024-10-29 18:15:14 App\Jobs\PushNotification ...................... RUNNING
  2024-10-29 18:15:14 App\Jobs\PushNotification ................. 90.14ms DONE
  2024-10-29 18:33:12 App\Jobs\PushNotification ...................... RUNNING
  2024-10-29 18:33:12 App\Jobs\PushNotification ................. 99.86ms DONE
  2024-10-30 09:56:05 App\Jobs\PushNotification ...................... RUNNING
  2024-10-30 09:56:05 App\Jobs\PushNotification ................. 89.42ms DONE
  2024-10-30 15:40:50 App\Jobs\PushNotification ...................... RUNNING
  2024-10-30 15:40:50 App\Jobs\PushNotification ................ 129.87ms DONE
  2024-10-30 17:55:40 App\Jobs\PushNotification ...................... RUNNING
  2024-10-30 17:55:40 App\Jobs\PushNotification ................. 96.53ms DONE
  2024-10-30 21:56:11 App\Jobs\PushNotification ...................... RUNNING
  2024-10-30 21:56:11 App\Jobs\PushNotification ................ 158.00ms DONE
  2024-10-30 21:56:41 App\Jobs\PushNotification ...................... RUNNING
  2024-10-30 21:56:41 App\Jobs\PushNotification ................ 129.40ms DONE
  2024-10-31 12:45:04 App\Jobs\PushNotification ...................... RUNNING
  2024-10-31 12:45:04 App\Jobs\PushNotification ................ 131.76ms DONE
  2024-10-31 12:45:04 App\Jobs\PushNotification ...................... RUNNING
  2024-10-31 12:45:04 App\Jobs\PushNotification ................. 87.41ms DONE
  2024-10-31 12:45:04 App\Jobs\PushNotification ...................... RUNNING
  2024-10-31 12:45:04 App\Jobs\PushNotification ................. 86.58ms DONE
  2024-10-31 12:45:04 App\Jobs\PushNotification ...................... RUNNING
  2024-10-31 12:45:04 App\Jobs\PushNotification ................. 83.00ms DONE
  2024-10-31 18:05:07 App\Jobs\PushNotification ...................... RUNNING
  2024-10-31 18:05:07 App\Jobs\PushNotification ................ 104.34ms DONE
  2024-11-01 09:13:10 App\Jobs\PushNotification ...................... RUNNING
  2024-11-01 09:13:10 App\Jobs\PushNotification ................. 93.50ms DONE
  2024-11-01 12:21:14 App\Jobs\PushNotification ...................... RUNNING
  2024-11-01 12:21:14 App\Jobs\PushNotification ................. 91.14ms DONE
  2024-11-01 12:50:24 App\Jobs\PushNotification ...................... RUNNING
  2024-11-01 12:50:24 App\Jobs\PushNotification ................. 87.21ms DONE
  2024-11-01 18:43:28 App\Jobs\PushNotification ...................... RUNNING
  2024-11-01 18:43:29 App\Jobs\PushNotification ................ 138.72ms DONE
  2024-11-02 15:08:45 App\Jobs\PushNotification ...................... RUNNING
  2024-11-02 15:08:45 App\Jobs\PushNotification ................. 92.13ms DONE
  2024-11-02 16:56:16 App\Jobs\PushNotification ...................... RUNNING
  2024-11-02 16:56:16 App\Jobs\PushNotification ................. 89.10ms DONE
  2024-11-02 19:58:14 App\Jobs\PushNotification ...................... RUNNING
  2024-11-02 19:58:14 App\Jobs\PushNotification ................. 99.22ms DONE
  2024-11-02 20:48:10 App\Jobs\PushNotification ...................... RUNNING
  2024-11-02 20:48:11 App\Jobs\PushNotification ................ 128.67ms DONE
  2024-11-02 22:21:20 App\Jobs\PushNotification ...................... RUNNING
  2024-11-02 22:21:20 App\Jobs\PushNotification ................ 104.51ms DONE
  2024-11-02 22:22:35 App\Jobs\PushNotification ...................... RUNNING
  2024-11-02 22:22:35 App\Jobs\PushNotification ................. 88.07ms DONE
  2024-11-02 22:22:35 App\Jobs\PushNotification ...................... RUNNING
  2024-11-02 22:22:35 App\Jobs\PushNotification ................. 92.81ms DONE
  2024-11-03 00:14:03 App\Jobs\PushNotification ...................... RUNNING
  2024-11-03 00:14:03 App\Jobs\PushNotification ................. 93.67ms DONE
  2024-11-03 00:30:04 App\Jobs\PushNotification ...................... RUNNING
  2024-11-03 00:30:04 App\Jobs\PushNotification ................ 103.94ms DONE
  2024-11-03 00:34:04 App\Jobs\PushNotification ...................... RUNNING
  2024-11-03 00:34:04 App\Jobs\PushNotification ................. 88.64ms DONE
  2024-11-03 01:48:01 App\Jobs\PushNotification ...................... RUNNING
  2024-11-03 01:48:01 App\Jobs\PushNotification ................. 94.92ms DONE
  2024-11-03 03:38:03 App\Jobs\PushNotification ...................... RUNNING
  2024-11-03 03:38:03 App\Jobs\PushNotification ................. 92.89ms DONE
  2024-11-03 04:35:03 App\Jobs\PushNotification ...................... RUNNING
  2024-11-03 04:35:03 App\Jobs\PushNotification ................ 139.84ms DONE
  2024-11-03 10:13:12 App\Jobs\PushNotification ...................... RUNNING
  2024-11-03 10:13:12 App\Jobs\PushNotification ................. 90.45ms DONE
  2024-11-03 11:17:02 App\Jobs\PushNotification ...................... RUNNING
  2024-11-03 11:17:03 App\Jobs\PushNotification ................. 86.60ms DONE
  2024-11-03 11:47:07 App\Jobs\PushNotification ...................... RUNNING
  2024-11-03 11:47:07 App\Jobs\PushNotification ................ 218.74ms DONE
  2024-11-03 14:47:06 App\Jobs\PushNotification ...................... RUNNING
  2024-11-03 14:47:06 App\Jobs\PushNotification ................. 93.69ms DONE
  2024-11-03 18:30:02 App\Jobs\PushNotification ...................... RUNNING
  2024-11-03 18:30:02 App\Jobs\PushNotification ................ 140.92ms DONE
  2024-11-03 18:31:02 App\Jobs\PushNotification ...................... RUNNING
  2024-11-03 18:31:02 App\Jobs\PushNotification ................. 86.78ms DONE
  2024-11-03 20:21:07 App\Jobs\PushNotification ...................... RUNNING
  2024-11-03 20:21:07 App\Jobs\PushNotification ................. 88.98ms DONE
  2024-11-04 06:05:02 App\Jobs\PushNotification ...................... RUNNING
  2024-11-04 06:05:03 App\Jobs\PushNotification ................ 119.85ms DONE
  2024-11-04 06:39:02 App\Jobs\PushNotification ...................... RUNNING
  2024-11-04 06:39:02 App\Jobs\PushNotification ................ 114.13ms DONE
  2024-11-04 14:20:11 App\Jobs\PushNotification ...................... RUNNING
  2024-11-04 14:20:12 App\Jobs\PushNotification ................. 89.81ms DONE
  2024-11-05 12:56:28 App\Jobs\PushNotification ...................... RUNNING
  2024-11-05 12:56:28 App\Jobs\PushNotification ................ 121.07ms DONE
  2024-11-05 13:46:12 App\Jobs\PushNotification ...................... RUNNING
  2024-11-05 13:46:12 App\Jobs\PushNotification ................. 88.02ms DONE
  2024-11-05 15:34:50 App\Jobs\PushNotification ...................... RUNNING
  2024-11-05 15:34:50 App\Jobs\PushNotification ................. 92.45ms DONE
  2024-11-05 18:28:18 App\Jobs\PushNotification ...................... RUNNING
  2024-11-05 18:28:18 App\Jobs\PushNotification ................. 91.47ms DONE
  2024-11-06 00:32:51 App\Jobs\PushNotification ...................... RUNNING
  2024-11-06 00:32:51 App\Jobs\PushNotification ................ 363.05ms DONE
  2024-11-06 00:47:19 App\Jobs\PushNotification ...................... RUNNING
  2024-11-06 00:47:19 App\Jobs\PushNotification ................. 94.19ms DONE
  2024-11-06 01:29:04 App\Jobs\PushNotification ...................... RUNNING
  2024-11-06 01:29:04 App\Jobs\PushNotification ................ 133.01ms DONE
  2024-11-06 07:20:10 App\Jobs\PushNotification ...................... RUNNING
  2024-11-06 07:20:10 App\Jobs\PushNotification ................. 91.18ms DONE
  2024-11-06 08:19:01 App\Jobs\PushNotification ...................... RUNNING
  2024-11-06 08:19:02 App\Jobs\PushNotification ................. 91.59ms DONE
  2024-11-06 11:50:20 App\Jobs\PushNotification ...................... RUNNING
  2024-11-06 11:50:20 App\Jobs\PushNotification ................. 87.98ms DONE
  2024-11-06 14:46:45 App\Jobs\PushNotification ...................... RUNNING
  2024-11-06 14:46:45 App\Jobs\PushNotification ................ 120.78ms DONE
  2024-11-06 14:56:20 App\Jobs\PushNotification ...................... RUNNING
  2024-11-06 14:56:20 App\Jobs\PushNotification ................. 95.61ms DONE
  2024-11-06 18:22:32 App\Jobs\PushNotification ...................... RUNNING
  2024-11-06 18:22:32 App\Jobs\PushNotification ................. 88.02ms DONE
  2024-11-07 17:45:13 App\Jobs\PushNotification ...................... RUNNING
  2024-11-07 17:45:13 App\Jobs\PushNotification ................ 124.39ms DONE
  2024-11-07 18:17:12 App\Jobs\PushNotification ...................... RUNNING
  2024-11-07 18:17:12 App\Jobs\PushNotification ................ 100.22ms DONE
  2024-11-07 22:05:57 App\Jobs\PushNotification ...................... RUNNING
  2024-11-07 22:05:57 App\Jobs\PushNotification ................ 120.67ms DONE
  2024-11-07 22:40:48 App\Jobs\PushNotification ...................... RUNNING
  2024-11-07 22:40:48 App\Jobs\PushNotification ................. 99.20ms DONE
  2024-11-07 22:53:56 App\Jobs\PushNotification ...................... RUNNING
  2024-11-07 22:53:56 App\Jobs\PushNotification ................. 91.55ms DONE
  2024-11-08 13:00:04 App\Jobs\PushNotification ...................... RUNNING
  2024-11-08 13:00:04 App\Jobs\PushNotification ................ 152.53ms DONE
  2024-11-08 13:00:04 App\Jobs\PushNotification ...................... RUNNING
  2024-11-08 13:00:05 App\Jobs\PushNotification ................. 91.47ms DONE
  2024-11-08 13:00:05 App\Jobs\PushNotification ...................... RUNNING
  2024-11-08 13:00:05 App\Jobs\PushNotification .................. 6.65ms FAIL
  2024-11-08 13:00:05 App\Jobs\PushNotification ...................... RUNNING
  2024-11-08 13:00:05 App\Jobs\PushNotification ................. 86.60ms DONE
  2024-11-08 13:00:05 App\Jobs\PushNotification ...................... RUNNING
  2024-11-08 13:00:05 App\Jobs\PushNotification ................. 89.61ms DONE
  2024-11-08 17:47:46 App\Jobs\PushNotification ...................... RUNNING
  2024-11-08 17:47:47 App\Jobs\PushNotification ................. 98.08ms DONE
  2024-11-08 18:34:04 App\Jobs\PushNotification ...................... RUNNING
  2024-11-08 18:34:04 App\Jobs\PushNotification ................. 94.87ms DONE
  2024-11-09 06:07:07 App\Jobs\PushNotification ...................... RUNNING
  2024-11-09 06:07:07 App\Jobs\PushNotification ................. 91.28ms DONE
  2024-11-09 08:55:23 App\Jobs\PushNotification ...................... RUNNING
  2024-11-09 08:55:23 App\Jobs\PushNotification ................. 90.54ms DONE
  2024-11-09 10:23:21 App\Jobs\PushNotification ...................... RUNNING
  2024-11-09 10:23:21 App\Jobs\PushNotification ................. 89.86ms DONE
  2024-11-09 11:28:41 App\Jobs\PushNotification ...................... RUNNING
  2024-11-09 11:28:42 App\Jobs\PushNotification ................. 88.99ms DONE
  2024-11-09 15:40:16 App\Jobs\PushNotification ...................... RUNNING
  2024-11-09 15:40:16 App\Jobs\PushNotification ................. 87.19ms DONE
  2024-11-09 17:30:03 App\Jobs\PushNotification ...................... RUNNING
  2024-11-09 17:30:03 App\Jobs\PushNotification ................ 244.44ms DONE
  2024-11-09 17:31:02 App\Jobs\PushNotification ...................... RUNNING
  2024-11-09 17:31:02 App\Jobs\PushNotification ................. 91.10ms DONE
  2024-11-09 22:47:22 App\Jobs\PushNotification ...................... RUNNING
  2024-11-09 22:47:23 App\Jobs\PushNotification ................. 87.15ms DONE
  2024-11-09 22:52:08 App\Jobs\PushNotification ...................... RUNNING
  2024-11-09 22:52:08 App\Jobs\PushNotification ................. 86.97ms DONE
  2024-11-10 07:19:38 App\Jobs\PushNotification ...................... RUNNING
  2024-11-10 07:19:38 App\Jobs\PushNotification ................. 90.38ms DONE
  2024-11-11 02:13:08 App\Jobs\PushNotification ...................... RUNNING
  2024-11-11 02:13:08 App\Jobs\PushNotification ................. 95.87ms DONE
  2024-11-11 19:57:32 App\Jobs\PushNotification ...................... RUNNING
  2024-11-11 19:57:32 App\Jobs\PushNotification ................. 91.68ms DONE
  2024-11-12 07:38:02 App\Jobs\PushNotification ...................... RUNNING
  2024-11-12 07:38:02 App\Jobs\PushNotification ................ 218.31ms DONE
  2024-11-12 08:24:16 App\Jobs\PushNotification ...................... RUNNING
  2024-11-12 08:24:16 App\Jobs\PushNotification ................ 214.09ms DONE
  2024-11-12 08:35:05 App\Jobs\PushNotification ...................... RUNNING
  2024-11-12 08:35:05 App\Jobs\PushNotification ................ 132.98ms DONE
  2024-11-12 10:08:06 App\Jobs\PushNotification ...................... RUNNING
  2024-11-12 10:08:06 App\Jobs\PushNotification ................. 94.06ms DONE
  2024-11-12 10:09:06 App\Jobs\PushNotification ...................... RUNNING
  2024-11-12 10:09:06 App\Jobs\PushNotification ................. 87.13ms DONE
  2024-11-12 12:12:06 App\Jobs\PushNotification ...................... RUNNING
  2024-11-12 12:12:07 App\Jobs\PushNotification ................. 88.91ms DONE
  2024-11-15 15:27:23 App\Jobs\PushNotification ...................... RUNNING
  2024-11-15 15:27:24 App\Jobs\PushNotification ................ 136.31ms DONE
  2024-11-15 15:27:24 App\Jobs\PushNotification ...................... RUNNING
  2024-11-15 15:27:24 App\Jobs\PushNotification ................. 91.74ms DONE
  2024-11-16 02:40:14 App\Jobs\PushNotification ...................... RUNNING
  2024-11-16 02:40:14 App\Jobs\PushNotification ................ 123.99ms DONE
  2024-11-17 12:47:18 App\Jobs\PushNotification ...................... RUNNING
  2024-11-17 12:47:19 App\Jobs\PushNotification ................ 141.70ms DONE
  2024-11-17 12:54:19 App\Jobs\PushNotification ...................... RUNNING
  2024-11-17 12:54:19 App\Jobs\PushNotification ................ 128.32ms DONE
  2024-11-17 12:57:13 App\Jobs\PushNotification ...................... RUNNING
  2024-11-17 12:57:13 App\Jobs\PushNotification ................. 95.53ms DONE
  2024-11-17 14:30:01 App\Jobs\PushNotification ...................... RUNNING
  2024-11-17 14:30:01 App\Jobs\PushNotification ................. 90.18ms DONE
  2024-11-18 10:03:15 App\Jobs\PushNotification ...................... RUNNING
  2024-11-18 10:03:15 App\Jobs\PushNotification ................ 126.76ms DONE
  2024-11-18 12:53:12 App\Jobs\PushNotification ...................... RUNNING
  2024-11-18 12:53:12 App\Jobs\PushNotification ................ 107.22ms DONE
  2024-11-19 03:35:04 App\Jobs\PushNotification ...................... RUNNING
  2024-11-19 03:35:04 App\Jobs\PushNotification ................ 123.45ms DONE
  2024-11-19 16:55:03 App\Jobs\PushNotification ...................... RUNNING
  2024-11-19 16:55:03 App\Jobs\PushNotification ................ 151.53ms DONE
  2024-11-19 17:00:12 App\Jobs\PushNotification ...................... RUNNING
  2024-11-19 17:00:12 App\Jobs\PushNotification ................. 96.30ms DONE
  2024-11-19 17:47:44 App\Jobs\PushNotification ...................... RUNNING
  2024-11-19 17:47:44 App\Jobs\PushNotification ................. 91.19ms DONE
  2024-11-19 19:10:50 App\Jobs\PushNotification ...................... RUNNING
  2024-11-19 19:10:50 App\Jobs\PushNotification ................. 92.68ms DONE
  2024-11-19 20:25:52 App\Jobs\PushNotification ...................... RUNNING
  2024-11-19 20:25:52 App\Jobs\PushNotification ................ 363.21ms DONE
  2024-11-19 20:52:25 App\Jobs\PushNotification ...................... RUNNING
  2024-11-19 20:52:25 App\Jobs\PushNotification ................ 133.78ms DONE
  2024-11-19 21:30:15 App\Jobs\PushNotification ...................... RUNNING
  2024-11-19 21:30:15 App\Jobs\PushNotification ................ 117.61ms DONE
  2024-11-21 11:19:20 App\Jobs\PushNotification ...................... RUNNING
  2024-11-21 11:19:21 App\Jobs\PushNotification ................ 124.16ms DONE
  2024-11-23 09:21:32 App\Jobs\PushNotification ...................... RUNNING
  2024-11-23 09:21:32 App\Jobs\PushNotification ................. 49.50ms DONE
  2024-11-23 09:31:08 App\Jobs\PushNotification ...................... RUNNING
  2024-11-23 09:31:08 App\Jobs\PushNotification .................. 5.22ms DONE
  2024-11-23 16:14:31 App\Jobs\PushNotification ...................... RUNNING
  2024-11-23 16:14:31 App\Jobs\PushNotification ................. 92.14ms DONE
  2024-11-23 16:49:59 App\Jobs\PushNotification ...................... RUNNING
  2024-11-23 16:49:59 App\Jobs\PushNotification ................. 89.17ms DONE
  2024-11-23 17:06:18 App\Jobs\PushNotification ...................... RUNNING
  2024-11-23 17:06:18 App\Jobs\PushNotification ................. 90.31ms DONE
  2024-11-23 22:19:00 App\Jobs\PushNotification ...................... RUNNING
  2024-11-23 22:19:00 App\Jobs\PushNotification ................. 93.64ms DONE
  2024-11-25 17:09:51 App\Jobs\PushNotification ...................... RUNNING
  2024-11-25 17:09:51 App\Jobs\PushNotification ................. 91.35ms DONE
  2024-11-25 17:21:48 App\Jobs\PushNotification ...................... RUNNING
  2024-11-25 17:21:48 App\Jobs\PushNotification ................ 143.81ms DONE
  2024-11-27 14:13:00 App\Jobs\PushNotification ...................... RUNNING
  2024-11-27 14:13:00 App\Jobs\PushNotification ................. 45.08ms DONE
  2024-11-27 14:39:49 App\Jobs\PushNotification ...................... RUNNING
  2024-11-27 14:39:49 App\Jobs\PushNotification ................. 92.21ms DONE
  2024-11-27 15:21:30 App\Jobs\PushNotification ...................... RUNNING
  2024-11-27 15:21:30 App\Jobs\PushNotification ................ 104.04ms DONE
  2024-11-27 16:32:57 App\Jobs\PushNotification ...................... RUNNING
  2024-11-27 16:32:57 App\Jobs\PushNotification ................. 88.46ms DONE
  2024-11-27 18:12:25 App\Jobs\PushNotification ...................... RUNNING
  2024-11-27 18:12:25 App\Jobs\PushNotification ................ 203.16ms DONE
  2024-11-27 18:18:41 App\Jobs\PushNotification ...................... RUNNING
  2024-11-27 18:18:41 App\Jobs\PushNotification ................ 217.00ms DONE
  2024-11-27 18:35:03 App\Jobs\PushNotification ...................... RUNNING
  2024-11-27 18:35:03 App\Jobs\PushNotification ................. 94.65ms DONE
  2024-11-27 18:40:00 App\Jobs\PushNotification ...................... RUNNING
  2024-11-27 18:40:00 App\Jobs\PushNotification ................. 96.13ms DONE
  2024-11-27 21:39:22 App\Jobs\PushNotification ...................... RUNNING
  2024-11-27 21:39:22 App\Jobs\PushNotification ................. 91.20ms DONE
  2024-11-27 21:39:22 App\Jobs\PushNotification ...................... RUNNING
  2024-11-27 21:39:22 App\Jobs\PushNotification ................. 82.65ms DONE
  2024-11-28 15:47:04 App\Jobs\PushNotification ...................... RUNNING
  2024-11-28 15:47:04 App\Jobs\PushNotification ................ 135.20ms DONE
  2024-11-29 11:40:58 App\Jobs\PushNotification ...................... RUNNING
  2024-11-29 11:40:58 App\Jobs\PushNotification ................. 86.40ms DONE
  2024-11-29 21:00:37 App\Jobs\PushNotification ...................... RUNNING
  2024-11-29 21:00:37 App\Jobs\PushNotification ................. 89.97ms DONE
  2024-11-29 21:07:16 App\Jobs\PushNotification ...................... RUNNING
  2024-11-29 21:07:16 App\Jobs\PushNotification ................. 89.52ms DONE
  2024-11-29 22:16:52 App\Jobs\PushNotification ...................... RUNNING
  2024-11-29 22:16:52 App\Jobs\PushNotification ................. 91.51ms DONE
  2024-12-01 02:55:29 App\Jobs\PushNotification ...................... RUNNING
  2024-12-01 02:55:29 App\Jobs\PushNotification ................. 96.75ms DONE
  2024-12-01 02:59:03 App\Jobs\PushNotification ...................... RUNNING
  2024-12-01 02:59:03 App\Jobs\PushNotification ...................... RUNNING
  2024-12-01 02:59:03 App\Jobs\PushNotification ................. 87.75ms DONE
  2024-12-01 02:59:03 App\Jobs\PushNotification ................. 89.51ms DONE
  2024-12-01 03:01:33 App\Jobs\PushNotification ...................... RUNNING
  2024-12-01 03:01:33 App\Jobs\PushNotification ...................... RUNNING
  2024-12-01 03:01:33 App\Jobs\PushNotification ................ 139.95ms DONE
  2024-12-01 03:01:33 App\Jobs\PushNotification ................. 91.25ms DONE
  2024-12-01 12:45:36 App\Jobs\PushNotification ...................... RUNNING
  2024-12-01 12:45:36 App\Jobs\PushNotification ................ 120.10ms DONE
  2024-12-03 08:00:05 App\Jobs\PushNotification ...................... RUNNING
  2024-12-03 08:00:05 App\Jobs\PushNotification ................ 124.28ms DONE
  2024-12-03 08:00:05 App\Jobs\PushNotification ...................... RUNNING
  2024-12-03 08:00:05 App\Jobs\PushNotification ................. 99.61ms DONE
  2024-12-04 08:05:04 App\Jobs\PushNotification ...................... RUNNING
  2024-12-04 08:05:04 App\Jobs\PushNotification ................ 135.57ms DONE
  2024-12-04 08:05:04 App\Jobs\PushNotification ...................... RUNNING
  2024-12-04 08:05:04 App\Jobs\PushNotification ................. 88.43ms DONE
  2024-12-04 19:44:56 App\Jobs\PushNotification ...................... RUNNING
  2024-12-04 19:44:56 App\Jobs\PushNotification ................ 128.24ms DONE
  2024-12-04 21:08:29 App\Jobs\PushNotification ...................... RUNNING
  2024-12-04 21:08:29 App\Jobs\PushNotification ................. 92.04ms DONE
  2024-12-05 06:37:07 App\Jobs\PushNotification ...................... RUNNING
  2024-12-05 06:37:07 App\Jobs\PushNotification ................. 88.26ms DONE
  2024-12-05 11:48:26 App\Jobs\PushNotification ...................... RUNNING
  2024-12-05 11:48:26 App\Jobs\PushNotification ................. 91.65ms DONE
  2024-12-05 20:14:21 App\Jobs\PushNotification ...................... RUNNING
  2024-12-05 20:14:21 App\Jobs\PushNotification ................. 94.46ms DONE
  2024-12-06 18:32:13 App\Jobs\PushNotification ...................... RUNNING
  2024-12-06 18:32:13 App\Jobs\PushNotification ................. 92.79ms DONE
  2024-12-07 15:03:44 App\Jobs\PushNotification ...................... RUNNING
  2024-12-07 15:03:44 App\Jobs\PushNotification ................ 123.71ms DONE
  2024-12-07 19:45:14 App\Jobs\PushNotification ...................... RUNNING
  2024-12-07 19:45:14 App\Jobs\PushNotification ................ 130.32ms DONE
  2024-12-07 19:55:52 App\Jobs\PushNotification ...................... RUNNING
  2024-12-07 19:55:52 App\Jobs\PushNotification ................ 122.07ms DONE
  2024-12-07 20:39:36 App\Jobs\PushNotification ...................... RUNNING
  2024-12-07 20:39:36 App\Jobs\PushNotification ................. 94.98ms DONE
  2024-12-07 23:02:03 App\Jobs\PushNotification ...................... RUNNING
  2024-12-07 23:02:03 App\Jobs\PushNotification ................ 102.54ms DONE
  2024-12-07 23:05:18 App\Jobs\PushNotification ...................... RUNNING
  2024-12-07 23:05:19 App\Jobs\PushNotification ................. 88.71ms DONE
  2024-12-08 16:35:54 App\Jobs\PushNotification ...................... RUNNING
  2024-12-08 16:35:54 App\Jobs\PushNotification ................ 119.60ms DONE
  2024-12-09 06:18:43 App\Jobs\PushNotification ...................... RUNNING
  2024-12-09 06:18:43 App\Jobs\PushNotification ................. 91.25ms DONE
  2024-12-11 09:40:04 App\Jobs\PushNotification ...................... RUNNING
  2024-12-11 09:40:04 App\Jobs\PushNotification ................ 183.64ms DONE
  2024-12-11 09:40:04 App\Jobs\PushNotification ...................... RUNNING
  2024-12-11 09:40:04 App\Jobs\PushNotification ................ 120.00ms DONE
  2024-12-11 09:40:04 App\Jobs\PushNotification ...................... RUNNING
  2024-12-11 09:40:04 App\Jobs\PushNotification ................ 118.48ms DONE
  2024-12-12 09:40:04 App\Jobs\PushNotification ...................... RUNNING
  2024-12-12 09:40:04 App\Jobs\PushNotification ................ 142.50ms DONE
  2024-12-14 07:28:03 App\Jobs\PushNotification ...................... RUNNING
  2024-12-14 07:28:04 App\Jobs\PushNotification ................ 126.46ms DONE
  2024-12-15 11:38:06 App\Jobs\PushNotification ...................... RUNNING
  2024-12-15 11:38:06 App\Jobs\PushNotification ................ 128.86ms DONE
  2024-12-15 16:47:30 App\Jobs\PushNotification ...................... RUNNING
  2024-12-15 16:47:30 App\Jobs\PushNotification ................. 93.86ms DONE
  2024-12-16 18:19:20 App\Jobs\PushNotification ...................... RUNNING
  2024-12-16 18:19:20 App\Jobs\PushNotification ................. 92.20ms DONE
  2024-12-17 08:14:58 App\Jobs\PushNotification ...................... RUNNING
  2024-12-17 08:14:58 App\Jobs\PushNotification ................ 138.51ms DONE
  2024-12-17 15:06:58 App\Jobs\PushNotification ...................... RUNNING
  2024-12-17 15:06:58 App\Jobs\PushNotification ................. 97.59ms DONE
  2024-12-18 01:09:43 App\Jobs\PushNotification ...................... RUNNING
  2024-12-18 01:09:43 App\Jobs\PushNotification ................. 94.93ms DONE
  2024-12-18 07:20:54 App\Jobs\PushNotification ...................... RUNNING
  2024-12-18 07:20:55 App\Jobs\PushNotification ................. 99.62ms DONE
  2024-12-18 13:07:29 App\Jobs\PushNotification ...................... RUNNING
  2024-12-18 13:07:29 App\Jobs\PushNotification ................ 128.81ms DONE
  2024-12-18 16:24:41 App\Jobs\PushNotification ...................... RUNNING
  2024-12-18 16:24:41 App\Jobs\PushNotification ................. 95.30ms DONE
  2024-12-18 18:10:34 App\Jobs\PushNotification ...................... RUNNING
  2024-12-18 18:10:35 App\Jobs\PushNotification ................ 120.27ms DONE
  2024-12-18 18:12:48 App\Jobs\PushNotification ...................... RUNNING
  2024-12-18 18:12:48 App\Jobs\PushNotification ................. 91.33ms DONE
  2024-12-18 18:19:51 App\Jobs\PushNotification ...................... RUNNING
  2024-12-18 18:19:51 App\Jobs\PushNotification ................. 92.09ms DONE
  2024-12-18 18:33:46 App\Jobs\PushNotification ...................... RUNNING
  2024-12-18 18:33:46 App\Jobs\PushNotification ................. 95.83ms DONE
  2024-12-18 18:37:49 App\Jobs\PushNotification ...................... RUNNING
  2024-12-18 18:37:49 App\Jobs\PushNotification ................. 94.13ms DONE
  2024-12-18 19:14:04 App\Jobs\PushNotification ...................... RUNNING
  2024-12-18 19:14:04 App\Jobs\PushNotification ................. 94.74ms DONE
  2024-12-18 20:01:54 App\Jobs\PushNotification ...................... RUNNING
  2024-12-18 20:01:54 App\Jobs\PushNotification ................. 96.76ms DONE
  2024-12-19 00:54:38 App\Jobs\PushNotification ...................... RUNNING
  2024-12-19 00:54:38 App\Jobs\PushNotification ................ 101.30ms DONE
  2024-12-19 10:43:45 App\Jobs\PushNotification ...................... RUNNING
  2024-12-19 10:43:45 App\Jobs\PushNotification ................ 138.16ms DONE
  2024-12-19 17:23:01 App\Jobs\PushNotification ...................... RUNNING
  2024-12-19 17:23:01 App\Jobs\PushNotification ................. 93.97ms DONE
  2024-12-19 17:37:31 App\Jobs\PushNotification ...................... RUNNING
  2024-12-19 17:37:31 App\Jobs\PushNotification ................. 93.35ms DONE
  2024-12-20 02:22:38 App\Jobs\PushNotification ...................... RUNNING
  2024-12-20 02:22:38 App\Jobs\PushNotification ................. 95.10ms DONE
  2024-12-20 02:25:32 App\Jobs\PushNotification ...................... RUNNING
  2024-12-20 02:25:32 App\Jobs\PushNotification ................. 96.64ms DONE
  2024-12-20 02:28:02 App\Jobs\PushNotification ...................... RUNNING
  2024-12-20 02:28:02 App\Jobs\PushNotification ................. 93.79ms DONE
  2024-12-20 08:22:19 App\Jobs\PushNotification ...................... RUNNING
  2024-12-20 08:22:19 App\Jobs\PushNotification ................. 99.11ms DONE
  2024-12-20 14:21:35 App\Jobs\PushNotification ...................... RUNNING
  2024-12-20 14:21:35 App\Jobs\PushNotification ................. 94.90ms DONE
  2024-12-20 15:54:30 App\Jobs\PushNotification ...................... RUNNING
  2024-12-20 15:54:30 App\Jobs\PushNotification ................. 94.06ms DONE
  2024-12-20 16:04:27 App\Jobs\PushNotification ...................... RUNNING
  2024-12-20 16:04:27 App\Jobs\PushNotification ................. 93.37ms DONE
  2024-12-20 19:57:22 App\Jobs\PushNotification ...................... RUNNING
  2024-12-20 19:57:22 App\Jobs\PushNotification ................. 92.62ms DONE
  2024-12-23 18:17:32 App\Jobs\PushNotification ...................... RUNNING
  2024-12-23 18:17:33 App\Jobs\PushNotification ................ 126.83ms DONE
  2024-12-24 15:11:18 App\Jobs\PushNotification ...................... RUNNING
  2024-12-24 15:11:18 App\Jobs\PushNotification ................ 123.35ms DONE
  2024-12-24 20:20:03 App\Jobs\PushNotification ...................... RUNNING
  2024-12-24 20:20:03 App\Jobs\PushNotification ................ 248.58ms DONE
  2024-12-24 20:42:36 App\Jobs\PushNotification ...................... RUNNING
  2024-12-24 20:42:36 App\Jobs\PushNotification ................ 134.64ms DONE
  2024-12-24 21:52:35 App\Jobs\PushNotification ...................... RUNNING
  2024-12-24 21:52:35 App\Jobs\PushNotification ................ 129.93ms DONE
  2024-12-24 22:13:03 App\Jobs\PushNotification ...................... RUNNING
  2024-12-24 22:13:03 App\Jobs\PushNotification ................. 97.06ms DONE
  2024-12-24 22:34:05 App\Jobs\PushNotification ...................... RUNNING
  2024-12-24 22:34:05 App\Jobs\PushNotification ................ 119.85ms DONE
  2024-12-25 08:57:07 App\Jobs\PushNotification ...................... RUNNING
  2024-12-25 08:57:08 App\Jobs\PushNotification ................ 416.92ms DONE
  2024-12-25 09:06:26 App\Jobs\PushNotification ...................... RUNNING
  2024-12-25 09:06:26 App\Jobs\PushNotification ................ 144.77ms DONE
  2024-12-25 11:47:51 App\Jobs\PushNotification ...................... RUNNING
  2024-12-25 11:47:51 App\Jobs\PushNotification ................ 103.46ms DONE
  2024-12-25 15:23:59 App\Jobs\PushNotification ...................... RUNNING
  2024-12-25 15:23:59 App\Jobs\PushNotification ................. 93.42ms DONE
